[INFO] Scanning for projects...
[INFO] 
[INFO] ---------------------< ao.tcc.projeto.final:jecuz >---------------------
[INFO] Building Jecuz Api stable
[INFO]   from pom.xml
[INFO] --------------------------------[ jar ]---------------------------------
[INFO] 
[INFO] --- jacoco:0.8.10:prepare-agent (prepare-agent) @ jecuz ---
[INFO] argLine set to -javaagent:C:\\Users\\ivans\\.m2\\repository\\org\\jacoco\\org.jacoco.agent\\0.8.10\\org.jacoco.agent-0.8.10-runtime.jar=destfile=C:\\Users\\ivans\\Desktop\\Jecuz_limpeza\\target\\jacoco.exec
[INFO] 
[INFO] --- resources:3.3.1:resources (default-resources) @ jecuz ---
[INFO] Copying 1 resource from src\main\resources to target\classes
[INFO] Copying 0 resource from src\main\resources to target\classes
[INFO] 
[INFO] --- compiler:3.14.0:compile (default-compile) @ jecuz ---
[INFO] Nothing to compile - all classes are up to date.
[INFO] 
[INFO] --- resources:3.3.1:testResources (default-testResources) @ jecuz ---
[INFO] skip non existing resourceDirectory C:\Users\ivans\Desktop\Jecuz_limpeza\src\test\resources
[INFO] 
[INFO] --- compiler:3.14.0:testCompile (default-testCompile) @ jecuz ---
[INFO] Nothing to compile - all classes are up to date.
[INFO] 
[INFO] --- surefire:3.5.3:test (default-test) @ jecuz ---
[INFO] Using auto detected provider org.apache.maven.surefire.junitplatform.JUnitPlatformProvider
[INFO] 
[INFO] -------------------------------------------------------
[INFO]  T E S T S
[INFO] -------------------------------------------------------
[INFO] Running ao.tcc.projetofinal.jecuz.JecuzAppApplicationDomainTests
16:59:21.257 [main] INFO org.testcontainers.images.PullPolicy -- Image pull policy will be performed by: DefaultPullPolicy()
16:59:21.308 [main] INFO org.testcontainers.utility.ImageNameSubstitutor -- Image name substitution will be performed by: DefaultImageNameSubstitutor (composite of 'ConfigurationFileImageNameSubstitutor' and 'PrefixingImageNameSubstitutor')
16:59:21.624 [main] INFO org.testcontainers.DockerClientFactory -- Testcontainers version: 1.21.3
16:59:23.353 [main] INFO org.testcontainers.dockerclient.DockerClientProviderStrategy -- Loaded org.testcontainers.dockerclient.NpipeSocketClientProviderStrategy from ~/.testcontainers.properties, will try it first
16:59:24.973 [main] INFO org.testcontainers.dockerclient.DockerClientProviderStrategy -- Found Docker environment with local Npipe socket (npipe:////./pipe/docker_engine)
16:59:24.977 [main] INFO org.testcontainers.DockerClientFactory -- Docker host IP address is localhost
16:59:25.046 [main] INFO org.testcontainers.DockerClientFactory -- Connected to docker: 
  Server Version: 28.5.1
  API Version: 1.51
  Operating System: Docker Desktop
  Total Memory: 7785 MB
  Labels: 
    com.docker.desktop.address=npipe://\\.\pipe\docker_cli
16:59:25.541 [main] INFO tc.testcontainers/ryuk:0.12.0 -- Creating container for image: testcontainers/ryuk:0.12.0
16:59:25.746 [main] INFO org.testcontainers.utility.RegistryAuthLocator -- Credential helper/store (docker-credential-desktop) does not have credentials for https://index.docker.io/v1/
16:59:26.319 [main] INFO tc.testcontainers/ryuk:0.12.0 -- Container testcontainers/ryuk:0.12.0 is starting: bb9c8759d7853d395c1bf561e8cdaffb1e37168f1aa79800eefddcc1dc641fb7
16:59:27.528 [main] INFO tc.testcontainers/ryuk:0.12.0 -- Container testcontainers/ryuk:0.12.0 started in PT1.986352S
16:59:27.551 [main] INFO org.testcontainers.utility.RyukResourceReaper -- Ryuk started - will monitor and terminate Testcontainers containers on JVM exit
16:59:27.551 [main] INFO org.testcontainers.DockerClientFactory -- Checking the system...
16:59:27.553 [main] INFO org.testcontainers.DockerClientFactory -- ?? Docker server version should be at least 1.6.0
16:59:27.555 [main] INFO tc.postgres:16-alpine -- Creating container for image: postgres:16-alpine
16:59:27.773 [main] INFO tc.postgres:16-alpine -- Container postgres:16-alpine is starting: 3b02b74244a4fd09d9b3e36ee8bb5210e300cd6f46cfbe782d0dfa43faee5ddc
16:59:31.907 [main] INFO tc.postgres:16-alpine -- Container postgres:16-alpine started in PT4.3521561S
16:59:31.910 [main] INFO tc.postgres:16-alpine -- Container is started (JDBC URL: jdbc:postgresql://localhost:50968/test?loggerLevel=OFF)
Standard Commons Logging discovery in action with spring-jcl: please remove commons-logging.jar from classpath in order to avoid potential conflicts
16:59:32.352 [main] INFO org.springframework.test.context.support.AnnotationConfigContextLoaderUtils -- Could not detect default configuration classes for test class [ao.tcc.projetofinal.jecuz.JecuzAppApplicationDomainTests]: JecuzAppApplicationDomainTests does not declare any static, non-private, non-final, nested classes annotated with @Configuration.
16:59:32.865 [main] INFO org.springframework.boot.test.context.SpringBootTestContextBootstrapper -- Found @SpringBootConfiguration ao.tcc.projetofinal.jecuz.JecuzAppApplication for test class ao.tcc.projetofinal.jecuz.JecuzAppApplicationDomainTests

  .   ____          _            __ _ _
 /\\ / ___'_ __ _ _(_)_ __  __ _ \ \ \ \
( ( )\___ | '_ | '_| | '_ \/ _` | \ \ \ \
 \\/  ___)| |_)| | | | | || (_| |  ) ) ) )
  '  |____| .__|_| |_|_| |_\__, | / / / /
 =========|_|==============|___/=/_/_/_/

 :: Spring Boot ::                (v3.5.5)

2026-01-22T16:59:35.062-03:00  INFO 15712 --- [jecuz] [           main] a.t.p.j.JecuzAppApplicationDomainTests   : url jdbc:postgresql://localhost:50968/test?loggerLevel=OFF
2026-01-22T16:59:35.064-03:00  INFO 15712 --- [jecuz] [           main] a.t.p.j.JecuzAppApplicationDomainTests   : username test
2026-01-22T16:59:35.065-03:00  INFO 15712 --- [jecuz] [           main] a.t.p.j.JecuzAppApplicationDomainTests   : password test
2026-01-22T16:59:35.080-03:00  INFO 15712 --- [jecuz] [           main] a.t.p.j.JecuzAppApplicationDomainTests   : spring.datasource.driver-class-name org.postgresql.Driver@1415f18d
2026-01-22T16:59:35.111-03:00  INFO 15712 --- [jecuz] [           main] a.t.p.j.JecuzAppApplicationDomainTests   : Starting JecuzAppApplicationDomainTests using Java 17.0.15 with PID 15712 (started by ivans in C:\Users\ivans\Desktop\Jecuz_limpeza)
2026-01-22T16:59:35.113-03:00  INFO 15712 --- [jecuz] [           main] a.t.p.j.JecuzAppApplicationDomainTests   : No active profile set, falling back to 1 default profile: "default"
2026-01-22T16:59:39.485-03:00  INFO 15712 --- [jecuz] [           main] .s.d.r.c.RepositoryConfigurationDelegate : Bootstrapping Spring Data JPA repositories in DEFAULT mode.
2026-01-22T16:59:39.850-03:00  INFO 15712 --- [jecuz] [           main] .s.d.r.c.RepositoryConfigurationDelegate : Finished Spring Data repository scanning in 320 ms. Found 4 JPA repository interfaces.
2026-01-22T16:59:42.164-03:00  INFO 15712 --- [jecuz] [           main] o.s.b.w.embedded.tomcat.TomcatWebServer  : Tomcat initialized with port 0 (http)
2026-01-22T16:59:42.233-03:00  INFO 15712 --- [jecuz] [           main] o.apache.catalina.core.StandardService   : Starting service [Tomcat]
2026-01-22T16:59:42.234-03:00  INFO 15712 --- [jecuz] [           main] o.apache.catalina.core.StandardEngine    : Starting Servlet engine: [Apache Tomcat/10.1.47]
2026-01-22T16:59:42.521-03:00  INFO 15712 --- [jecuz] [           main] o.a.c.c.C.[Tomcat].[localhost].[/]       : Initializing Spring embedded WebApplicationContext
2026-01-22T16:59:42.524-03:00  INFO 15712 --- [jecuz] [           main] w.s.c.ServletWebServerApplicationContext : Root WebApplicationContext: initialization completed in 6588 ms
Standard Commons Logging discovery in action with spring-jcl: please remove commons-logging.jar from classpath in order to avoid potential conflicts
2026-01-22T16:59:43.564-03:00  INFO 15712 --- [jecuz] [           main] o.hibernate.jpa.internal.util.LogHelper  : HHH000204: Processing PersistenceUnitInfo [name: default]
2026-01-22T16:59:43.727-03:00  INFO 15712 --- [jecuz] [           main] org.hibernate.Version                    : HHH000412: Hibernate ORM core version 6.6.26.Final
2026-01-22T16:59:43.875-03:00  INFO 15712 --- [jecuz] [           main] o.h.c.internal.RegionFactoryInitiator    : HHH000026: Second-level cache disabled
2026-01-22T16:59:44.594-03:00  INFO 15712 --- [jecuz] [           main] o.s.o.j.p.SpringPersistenceUnitInfo      : No LoadTimeWeaver setup: ignoring JPA class transformer
2026-01-22T16:59:44.670-03:00  INFO 15712 --- [jecuz] [           main] com.zaxxer.hikari.HikariDataSource       : HikariPool-1 - Starting...
2026-01-22T16:59:45.014-03:00  INFO 15712 --- [jecuz] [           main] com.zaxxer.hikari.pool.HikariPool        : HikariPool-1 - Added connection org.postgresql.jdbc.PgConnection@749c9289
2026-01-22T16:59:45.019-03:00  INFO 15712 --- [jecuz] [           main] com.zaxxer.hikari.HikariDataSource       : HikariPool-1 - Start completed.
2026-01-22T16:59:45.114-03:00  WARN 15712 --- [jecuz] [           main] org.hibernate.orm.deprecation            : HHH90000025: PostgreSQLDialect does not need to be specified explicitly using 'hibernate.dialect' (remove the property setting and it will be selected by default)
2026-01-22T16:59:45.197-03:00  INFO 15712 --- [jecuz] [           main] org.hibernate.orm.connections.pooling    : HHH10001005: Database info:
	Database JDBC URL [Connecting through datasource 'HikariDataSource (HikariPool-1)']
	Database driver: undefined/unknown
	Database version: 16.10
	Autocommit mode: undefined/unknown
	Isolation level: undefined/unknown
	Minimum pool size: undefined/unknown
	Maximum pool size: undefined/unknown
2026-01-22T16:59:48.297-03:00  INFO 15712 --- [jecuz] [           main] o.h.e.t.j.p.i.JtaPlatformInitiator       : HHH000489: No JTA platform available (set 'hibernate.transaction.jta.platform' to enable JTA platform integration)
2026-01-22T16:59:48.473-03:00  INFO 15712 --- [jecuz] [           main] j.LocalContainerEntityManagerFactoryBean : Initialized JPA EntityManagerFactory for persistence unit 'default'
2026-01-22T16:59:49.748-03:00  WARN 15712 --- [jecuz] [           main] JpaBaseConfiguration$JpaWebConfiguration : spring.jpa.open-in-view is enabled by default. Therefore, database queries may be performed during view rendering. Explicitly configure spring.jpa.open-in-view to disable this warning
2026-01-22T16:59:52.246-03:00  INFO 15712 --- [jecuz] [           main] o.s.b.a.e.web.EndpointLinksResolver      : Exposing 13 endpoints beneath base path '/actuator'
2026-01-22T16:59:52.725-03:00  INFO 15712 --- [jecuz] [           main] o.s.b.w.embedded.tomcat.TomcatWebServer  : Tomcat started on port 50984 (http) with context path '/'
2026-01-22T16:59:52.764-03:00  INFO 15712 --- [jecuz] [           main] a.t.p.j.JecuzAppApplicationDomainTests   : Started JecuzAppApplicationDomainTests in 18.948 seconds (process running for 35.823)
Java HotSpot(TM) 64-Bit Server VM warning: Sharing is only supported for boot loader classes because bootstrap classpath has been appended
2026-01-22T16:59:56.192-03:00  INFO 15712 --- [jecuz] [o-auto-1-exec-2] o.a.c.c.C.[Tomcat].[localhost].[/]       : Initializing Spring DispatcherServlet 'dispatcherServlet'
2026-01-22T16:59:56.193-03:00  INFO 15712 --- [jecuz] [o-auto-1-exec-2] o.s.web.servlet.DispatcherServlet        : Initializing Servlet 'dispatcherServlet'
2026-01-22T16:59:56.195-03:00  INFO 15712 --- [jecuz] [o-auto-1-exec-2] o.s.web.servlet.DispatcherServlet        : Completed initialization in 1 ms
[INFO] Tests run: 2, Failures: 0, Errors: 0, Skipped: 0, Time elapsed: 36.70 s -- in ao.tcc.projetofinal.jecuz.JecuzAppApplicationDomainTests
[INFO] Running ao.tcc.projetofinal.jecuz.test.integration.ClienteContainerTest
2026-01-22T16:59:57.373-03:00  INFO 15712 --- [jecuz] [           main] tc.postgres:15                           : Creating container for image: postgres:15
2026-01-22T16:59:57.670-03:00  INFO 15712 --- [jecuz] [           main] tc.postgres:15                           : Container postgres:15 is starting: 34abc02396c836df31d0ac32a33a470534664ec7f9452207c04ae78e8a8b12b0
2026-01-22T17:00:00.314-03:00  INFO 15712 --- [jecuz] [           main] tc.postgres:15                           : Container postgres:15 started in PT2.9416444S
2026-01-22T17:00:00.315-03:00  INFO 15712 --- [jecuz] [           main] tc.postgres:15                           : Container is started (JDBC URL: jdbc:postgresql://localhost:50991/test?loggerLevel=OFF)
2026-01-22T17:00:00.322-03:00  INFO 15712 --- [jecuz] [           main] t.c.s.AnnotationConfigContextLoaderUtils : Could not detect default configuration classes for test class [ao.tcc.projetofinal.jecuz.test.integration.ClienteContainerTest]: ClienteContainerTest does not declare any static, non-private, non-final, nested classes annotated with @Configuration.
2026-01-22T17:00:00.396-03:00  INFO 15712 --- [jecuz] [           main] .b.t.c.SpringBootTestContextBootstrapper : Found @SpringBootConfiguration ao.tcc.projetofinal.jecuz.JecuzAppApplication for test class ao.tcc.projetofinal.jecuz.test.integration.ClienteContainerTest

  .   ____          _            __ _ _
 /\\ / ___'_ __ _ _(_)_ __  __ _ \ \ \ \
( ( )\___ | '_ | '_| | '_ \/ _` | \ \ \ \
 \\/  ___)| |_)| | | | | || (_| |  ) ) ) )
  '  |____| .__|_| |_|_| |_\__, | / / / /
 =========|_|==============|___/=/_/_/_/

 :: Spring Boot ::                (v3.5.5)

url: jdbc:postgresql://localhost:50991/test?loggerLevel=OFF
username: test
password: test
spring.datasource.driver-class-name: org.postgresql.Driver@6948156f
2026-01-22T17:00:00.480-03:00  INFO 15712 --- [jecuz] [           main] a.t.p.j.t.i.ClienteContainerTest         : Starting ClienteContainerTest using Java 17.0.15 with PID 15712 (started by ivans in C:\Users\ivans\Desktop\Jecuz_limpeza)
2026-01-22T17:00:00.481-03:00  INFO 15712 --- [jecuz] [           main] a.t.p.j.t.i.ClienteContainerTest         : No active profile set, falling back to 1 default profile: "default"
2026-01-22T17:00:01.189-03:00  INFO 15712 --- [jecuz] [           main] .s.d.r.c.RepositoryConfigurationDelegate : Bootstrapping Spring Data JPA repositories in DEFAULT mode.
2026-01-22T17:00:01.239-03:00  INFO 15712 --- [jecuz] [           main] .s.d.r.c.RepositoryConfigurationDelegate : Finished Spring Data repository scanning in 48 ms. Found 4 JPA repository interfaces.
2026-01-22T17:00:01.478-03:00  INFO 15712 --- [jecuz] [           main] o.s.b.w.embedded.tomcat.TomcatWebServer  : Tomcat initialized with port 0 (http)
2026-01-22T17:00:01.480-03:00  INFO 15712 --- [jecuz] [           main] o.apache.catalina.core.StandardService   : Starting service [Tomcat]
2026-01-22T17:00:01.481-03:00  INFO 15712 --- [jecuz] [           main] o.apache.catalina.core.StandardEngine    : Starting Servlet engine: [Apache Tomcat/10.1.47]
2026-01-22T17:00:01.593-03:00  INFO 15712 --- [jecuz] [           main] o.a.c.c.C.[Tomcat-1].[localhost].[/]     : Initializing Spring embedded WebApplicationContext
2026-01-22T17:00:01.593-03:00  INFO 15712 --- [jecuz] [           main] w.s.c.ServletWebServerApplicationContext : Root WebApplicationContext: initialization completed in 1107 ms
Standard Commons Logging discovery in action with spring-jcl: please remove commons-logging.jar from classpath in order to avoid potential conflicts
2026-01-22T17:00:01.875-03:00  INFO 15712 --- [jecuz] [           main] o.hibernate.jpa.internal.util.LogHelper  : HHH000204: Processing PersistenceUnitInfo [name: default]
2026-01-22T17:00:01.886-03:00  INFO 15712 --- [jecuz] [           main] o.h.c.internal.RegionFactoryInitiator    : HHH000026: Second-level cache disabled
2026-01-22T17:00:01.939-03:00  INFO 15712 --- [jecuz] [           main] o.s.o.j.p.SpringPersistenceUnitInfo      : No LoadTimeWeaver setup: ignoring JPA class transformer
2026-01-22T17:00:01.942-03:00  INFO 15712 --- [jecuz] [           main] com.zaxxer.hikari.HikariDataSource       : HikariPool-2 - Starting...
2026-01-22T17:00:02.011-03:00  INFO 15712 --- [jecuz] [           main] com.zaxxer.hikari.pool.HikariPool        : HikariPool-2 - Added connection org.postgresql.jdbc.PgConnection@100aaba6
2026-01-22T17:00:02.011-03:00  INFO 15712 --- [jecuz] [           main] com.zaxxer.hikari.HikariDataSource       : HikariPool-2 - Start completed.
2026-01-22T17:00:02.026-03:00  WARN 15712 --- [jecuz] [           main] org.hibernate.orm.deprecation            : HHH90000025: PostgreSQLDialect does not need to be specified explicitly using 'hibernate.dialect' (remove the property setting and it will be selected by default)
2026-01-22T17:00:02.044-03:00  INFO 15712 --- [jecuz] [           main] org.hibernate.orm.connections.pooling    : HHH10001005: Database info:
	Database JDBC URL [Connecting through datasource 'HikariDataSource (HikariPool-2)']
	Database driver: undefined/unknown
	Database version: 15.14
	Autocommit mode: undefined/unknown
	Isolation level: undefined/unknown
	Minimum pool size: undefined/unknown
	Maximum pool size: undefined/unknown
2026-01-22T17:00:02.254-03:00  INFO 15712 --- [jecuz] [           main] o.h.e.t.j.p.i.JtaPlatformInitiator       : HHH000489: No JTA platform available (set 'hibernate.transaction.jta.platform' to enable JTA platform integration)
2026-01-22T17:00:02.345-03:00  INFO 15712 --- [jecuz] [           main] j.LocalContainerEntityManagerFactoryBean : Initialized JPA EntityManagerFactory for persistence unit 'default'
2026-01-22T17:00:02.503-03:00  WARN 15712 --- [jecuz] [           main] JpaBaseConfiguration$JpaWebConfiguration : spring.jpa.open-in-view is enabled by default. Therefore, database queries may be performed during view rendering. Explicitly configure spring.jpa.open-in-view to disable this warning
2026-01-22T17:00:02.999-03:00  INFO 15712 --- [jecuz] [           main] o.s.b.a.e.web.EndpointLinksResolver      : Exposing 13 endpoints beneath base path '/actuator'
2026-01-22T17:00:03.045-03:00  INFO 15712 --- [jecuz] [           main] o.s.b.w.embedded.tomcat.TomcatWebServer  : Tomcat started on port 51009 (http) with context path '/'
2026-01-22T17:00:03.060-03:00  INFO 15712 --- [jecuz] [           main] a.t.p.j.t.i.ClienteContainerTest         : Started ClienteContainerTest in 2.652 seconds (process running for 46.12)
[INFO] Tests run: 5, Failures: 0, Errors: 0, Skipped: 0, Time elapsed: 7.018 s -- in ao.tcc.projetofinal.jecuz.test.integration.ClienteContainerTest
[INFO] Running ao.tcc.projetofinal.jecuz.test.integration.ClienteIntegrationTest
2026-01-22T17:00:04.409-03:00  INFO 15712 --- [jecuz] [           main] tc.postgres:16-alpine                    : Creating container for image: postgres:16-alpine
2026-01-22T17:00:04.610-03:00  INFO 15712 --- [jecuz] [           main] tc.postgres:16-alpine                    : Container postgres:16-alpine is starting: 730ad1e2fc5529340c3e80fe3b3fb9f3d006802229219aff9c5486500b495c1f
2026-01-22T17:00:07.784-03:00  INFO 15712 --- [jecuz] [           main] tc.postgres:16-alpine                    : Container postgres:16-alpine started in PT3.3750653S
2026-01-22T17:00:07.785-03:00  INFO 15712 --- [jecuz] [           main] tc.postgres:16-alpine                    : Container is started (JDBC URL: jdbc:postgresql://localhost:51015/test?loggerLevel=OFF)
2026-01-22T17:00:07.791-03:00  INFO 15712 --- [jecuz] [           main] t.c.s.AnnotationConfigContextLoaderUtils : Could not detect default configuration classes for test class [ao.tcc.projetofinal.jecuz.test.integration.ClienteIntegrationTest]: ClienteIntegrationTest does not declare any static, non-private, non-final, nested classes annotated with @Configuration.
2026-01-22T17:00:07.809-03:00  INFO 15712 --- [jecuz] [           main] .b.t.c.SpringBootTestContextBootstrapper : Found @SpringBootConfiguration ao.tcc.projetofinal.jecuz.JecuzAppApplication for test class ao.tcc.projetofinal.jecuz.test.integration.ClienteIntegrationTest

  .   ____          _            __ _ _
 /\\ / ___'_ __ _ _(_)_ __  __ _ \ \ \ \
( ( )\___ | '_ | '_| | '_ \/ _` | \ \ \ \
 \\/  ___)| |_)| | | | | || (_| |  ) ) ) )
  '  |____| .__|_| |_|_| |_\__, | / / / /
 =========|_|==============|___/=/_/_/_/

 :: Spring Boot ::                (v3.5.5)

url: jdbc:postgresql://localhost:51015/test?loggerLevel=OFF
username: test
password: test
spring.datasource.driver-class-name: org.postgresql.Driver@41d3f7b1
2026-01-22T17:00:07.857-03:00  INFO 15712 --- [jecuz] [           main] a.t.p.j.t.i.ClienteIntegrationTest       : Starting ClienteIntegrationTest using Java 17.0.15 with PID 15712 (started by ivans in C:\Users\ivans\Desktop\Jecuz_limpeza)
2026-01-22T17:00:07.857-03:00  INFO 15712 --- [jecuz] [           main] a.t.p.j.t.i.ClienteIntegrationTest       : No active profile set, falling back to 1 default profile: "default"
2026-01-22T17:00:08.174-03:00  INFO 15712 --- [jecuz] [           main] .s.d.r.c.RepositoryConfigurationDelegate : Bootstrapping Spring Data JPA repositories in DEFAULT mode.
2026-01-22T17:00:08.190-03:00  INFO 15712 --- [jecuz] [           main] .s.d.r.c.RepositoryConfigurationDelegate : Finished Spring Data repository scanning in 15 ms. Found 4 JPA repository interfaces.
2026-01-22T17:00:08.932-03:00  INFO 15712 --- [jecuz] [           main] o.s.b.w.embedded.tomcat.TomcatWebServer  : Tomcat initialized with port 0 (http)
2026-01-22T17:00:08.935-03:00  INFO 15712 --- [jecuz] [           main] o.apache.catalina.core.StandardService   : Starting service [Tomcat]
2026-01-22T17:00:08.936-03:00  INFO 15712 --- [jecuz] [           main] o.apache.catalina.core.StandardEngine    : Starting Servlet engine: [Apache Tomcat/10.1.47]
2026-01-22T17:00:09.073-03:00  INFO 15712 --- [jecuz] [           main] o.a.c.c.C.[Tomcat-2].[localhost].[/]     : Initializing Spring embedded WebApplicationContext
2026-01-22T17:00:09.074-03:00  INFO 15712 --- [jecuz] [           main] w.s.c.ServletWebServerApplicationContext : Root WebApplicationContext: initialization completed in 1216 ms
Standard Commons Logging discovery in action with spring-jcl: please remove commons-logging.jar from classpath in order to avoid potential conflicts
2026-01-22T17:00:09.565-03:00  INFO 15712 --- [jecuz] [           main] o.hibernate.jpa.internal.util.LogHelper  : HHH000204: Processing PersistenceUnitInfo [name: default]
2026-01-22T17:00:09.592-03:00  INFO 15712 --- [jecuz] [           main] o.h.c.internal.RegionFactoryInitiator    : HHH000026: Second-level cache disabled
2026-01-22T17:00:09.665-03:00  INFO 15712 --- [jecuz] [           main] o.s.o.j.p.SpringPersistenceUnitInfo      : No LoadTimeWeaver setup: ignoring JPA class transformer
2026-01-22T17:00:09.674-03:00  INFO 15712 --- [jecuz] [           main] com.zaxxer.hikari.HikariDataSource       : HikariPool-3 - Starting...
2026-01-22T17:00:09.855-03:00  INFO 15712 --- [jecuz] [           main] com.zaxxer.hikari.pool.HikariPool        : HikariPool-3 - Added connection org.postgresql.jdbc.PgConnection@17fb2ef3
2026-01-22T17:00:09.857-03:00  INFO 15712 --- [jecuz] [           main] com.zaxxer.hikari.HikariDataSource       : HikariPool-3 - Start completed.
2026-01-22T17:00:09.875-03:00  WARN 15712 --- [jecuz] [           main] org.hibernate.orm.deprecation            : HHH90000025: PostgreSQLDialect does not need to be specified explicitly using 'hibernate.dialect' (remove the property setting and it will be selected by default)
2026-01-22T17:00:09.892-03:00  INFO 15712 --- [jecuz] [           main] org.hibernate.orm.connections.pooling    : HHH10001005: Database info:
	Database JDBC URL [Connecting through datasource 'HikariDataSource (HikariPool-3)']
	Database driver: undefined/unknown
	Database version: 16.10
	Autocommit mode: undefined/unknown
	Isolation level: undefined/unknown
	Minimum pool size: undefined/unknown
	Maximum pool size: undefined/unknown
2026-01-22T17:00:10.188-03:00  INFO 15712 --- [jecuz] [           main] o.h.e.t.j.p.i.JtaPlatformInitiator       : HHH000489: No JTA platform available (set 'hibernate.transaction.jta.platform' to enable JTA platform integration)
2026-01-22T17:00:10.307-03:00  INFO 15712 --- [jecuz] [           main] j.LocalContainerEntityManagerFactoryBean : Initialized JPA EntityManagerFactory for persistence unit 'default'
2026-01-22T17:00:10.726-03:00  WARN 15712 --- [jecuz] [           main] JpaBaseConfiguration$JpaWebConfiguration : spring.jpa.open-in-view is enabled by default. Therefore, database queries may be performed during view rendering. Explicitly configure spring.jpa.open-in-view to disable this warning
2026-01-22T17:00:11.850-03:00  INFO 15712 --- [jecuz] [           main] o.a.c.c.C.[Tomcat-2].[localhost].[/]     : Initializing Spring TestDispatcherServlet ''
2026-01-22T17:00:11.851-03:00  INFO 15712 --- [jecuz] [           main] o.s.t.web.servlet.TestDispatcherServlet  : Initializing Servlet ''
2026-01-22T17:00:11.863-03:00  INFO 15712 --- [jecuz] [           main] o.s.b.a.e.web.EndpointLinksResolver      : Exposing 13 endpoints beneath base path '/actuator'
2026-01-22T17:00:11.899-03:00  INFO 15712 --- [jecuz] [           main] o.s.t.web.servlet.TestDispatcherServlet  : Completed initialization in 47 ms
2026-01-22T17:00:12.010-03:00  INFO 15712 --- [jecuz] [           main] o.s.b.w.embedded.tomcat.TomcatWebServer  : Tomcat started on port 51032 (http) with context path '/'
2026-01-22T17:00:12.028-03:00  INFO 15712 --- [jecuz] [           main] a.t.p.j.t.i.ClienteIntegrationTest       : Started ClienteIntegrationTest in 4.214 seconds (process running for 55.088)

MockHttpServletRequest:
      HTTP Method = GET
      Request URI = /api/cliente/list
       Parameters = {search=[], page=[0], size=[10]}
          Headers = [Content-Type:"application/json;charset=UTF-8", Accept:"application/json"]
             Body = null
    Session Attrs = {}

Handler:
             Type = ao.tcc.projetofinal.jecuz.controllers.ClienteController
           Method = ao.tcc.projetofinal.jecuz.controllers.ClienteController#list(String, Integer, Integer)

Async:
    Async started = false
     Async result = null

Resolved Exception:
             Type = null

ModelAndView:
        View name = null
             View = null
            Model = null

FlashMap:
       Attributes = null

MockHttpServletResponse:
           Status = 200
    Error message = null
          Headers = [Content-Type:"application/json"]
     Content type = application/json
             Body = {"content":[{"nome":"Kaunda Daniel Masutic Da Gama","nascimento":"10/02/1990","telefone":"+244924192969","numeroBi":"001234567BA045","email":"kaunda.daniel@email.com"},{"nome":"Armando Pupilo do Kaunda Daniel","nascimento":"01/07/1995","telefone":"+244924192980","numeroBi":"001234765AR045","email":"armando.pupilo@email.com"}],"pageNumber":0,"numberContent":2,"totalPages":1,"totalElements":2}
    Forwarded URL = null
   Redirected URL = null
          Cookies = []

MockHttpServletRequest:
      HTTP Method = POST
      Request URI = /api/cliente/save
       Parameters = {}
          Headers = [Content-Type:"application/json;charset=UTF-8", Accept:"application/json", Content-Length:"187"]
             Body = {
  "nome" : "Kaunda Daniel Masutic Da Gama",
  "nascimento" : "10/02/1990",
  "telefone" : "+244924192969",
  "numeroBi" : "001234567BA045",
  "email" : "kaunda.daniel@email.com"
}
    Session Attrs = {}

Handler:
             Type = ao.tcc.projetofinal.jecuz.controllers.ClienteController
           Method = ao.tcc.projetofinal.jecuz.controllers.ClienteController#save(ClienteRequest)

Async:
    Async started = false
     Async result = null

Resolved Exception:
             Type = null

ModelAndView:
        View name = null
             View = null
            Model = null

FlashMap:
       Attributes = null

MockHttpServletResponse:
           Status = 201
    Error message = null
          Headers = [Content-Type:"application/json"]
     Content type = application/json
             Body = {"nome":"Kaunda Daniel Masutic Da Gama","nascimento":"10/02/1990","telefone":"+244924192969","numeroBi":"001234567BA045","email":"kaunda.daniel@email.com"}
    Forwarded URL = null
   Redirected URL = null
          Cookies = []
[INFO] Tests run: 3, Failures: 0, Errors: 0, Skipped: 0, Time elapsed: 9.464 s -- in ao.tcc.projetofinal.jecuz.test.integration.ClienteIntegrationTest
[INFO] Running ao.tcc.projetofinal.jecuz.test.integration.OrdensDeServicoControllerTest
2026-01-22T17:00:13.900-03:00  INFO 15712 --- [jecuz] [           main] t.c.s.AnnotationConfigContextLoaderUtils : Could not detect default configuration classes for test class [ao.tcc.projetofinal.jecuz.test.integration.OrdensDeServicoControllerTest]: OrdensDeServicoControllerTest does not declare any static, non-private, non-final, nested classes annotated with @Configuration.
2026-01-22T17:00:13.993-03:00  INFO 15712 --- [jecuz] [           main] .b.t.c.SpringBootTestContextBootstrapper : Found @SpringBootConfiguration ao.tcc.projetofinal.jecuz.JecuzAppApplication for test class ao.tcc.projetofinal.jecuz.test.integration.OrdensDeServicoControllerTest

  .   ____          _            __ _ _
 /\\ / ___'_ __ _ _(_)_ __  __ _ \ \ \ \
( ( )\___ | '_ | '_| | '_ \/ _` | \ \ \ \
 \\/  ___)| |_)| | | | | || (_| |  ) ) ) )
  '  |____| .__|_| |_|_| |_\__, | / / / /
 =========|_|==============|___/=/_/_/_/

 :: Spring Boot ::                (v3.5.5)

2026-01-22T17:00:14.155-03:00  INFO 15712 --- [jecuz] [           main] .t.p.j.t.i.OrdensDeServicoControllerTest : Starting OrdensDeServicoControllerTest using Java 17.0.15 with PID 15712 (started by ivans in C:\Users\ivans\Desktop\Jecuz_limpeza)
2026-01-22T17:00:14.157-03:00  INFO 15712 --- [jecuz] [           main] .t.p.j.t.i.OrdensDeServicoControllerTest : No active profile set, falling back to 1 default profile: "default"
2026-01-22T17:00:14.932-03:00  INFO 15712 --- [jecuz] [           main] o.s.b.t.m.w.SpringBootMockServletContext : Initializing Spring TestDispatcherServlet ''
2026-01-22T17:00:14.933-03:00  INFO 15712 --- [jecuz] [           main] o.s.t.web.servlet.TestDispatcherServlet  : Initializing Servlet ''
2026-01-22T17:00:14.935-03:00  INFO 15712 --- [jecuz] [           main] o.s.t.web.servlet.TestDispatcherServlet  : Completed initialization in 2 ms
2026-01-22T17:00:14.947-03:00  INFO 15712 --- [jecuz] [           main] .t.p.j.t.i.OrdensDeServicoControllerTest : Started OrdensDeServicoControllerTest in 0.917 seconds (process running for 58.006)
[INFO] Tests run: 6, Failures: 0, Errors: 0, Skipped: 0, Time elapsed: 1.299 s -- in ao.tcc.projetofinal.jecuz.test.integration.OrdensDeServicoControllerTest
[INFO] Running ao.tcc.projetofinal.jecuz.test.integration.TestControllerIT
2026-01-22T17:00:15.193-03:00  INFO 15712 --- [jecuz] [           main] t.c.s.AnnotationConfigContextLoaderUtils : Could not detect default configuration classes for test class [ao.tcc.projetofinal.jecuz.test.integration.TestControllerIT]: TestControllerIT does not declare any static, non-private, non-final, nested classes annotated with @Configuration.
2026-01-22T17:00:15.226-03:00  INFO 15712 --- [jecuz] [           main] .b.t.c.SpringBootTestContextBootstrapper : Found @SpringBootConfiguration ao.tcc.projetofinal.jecuz.JecuzAppApplication for test class ao.tcc.projetofinal.jecuz.test.integration.TestControllerIT

  .   ____          _            __ _ _
 /\\ / ___'_ __ _ _(_)_ __  __ _ \ \ \ \
( ( )\___ | '_ | '_| | '_ \/ _` | \ \ \ \
 \\/  ___)| |_)| | | | | || (_| |  ) ) ) )
  '  |____| .__|_| |_|_| |_\__, | / / / /
 =========|_|==============|___/=/_/_/_/

 :: Spring Boot ::                (v3.5.5)

2026-01-22T17:00:15.266-03:00  INFO 15712 --- [jecuz] [           main] a.t.p.j.t.integration.TestControllerIT   : Starting TestControllerIT using Java 17.0.15 with PID 15712 (started by ivans in C:\Users\ivans\Desktop\Jecuz_limpeza)
2026-01-22T17:00:15.266-03:00  INFO 15712 --- [jecuz] [           main] a.t.p.j.t.integration.TestControllerIT   : No active profile set, falling back to 1 default profile: "default"
2026-01-22T17:00:15.770-03:00  INFO 15712 --- [jecuz] [           main] o.s.b.t.m.w.SpringBootMockServletContext : Initializing Spring TestDispatcherServlet ''
2026-01-22T17:00:15.770-03:00  INFO 15712 --- [jecuz] [           main] o.s.t.web.servlet.TestDispatcherServlet  : Initializing Servlet ''
2026-01-22T17:00:15.771-03:00  INFO 15712 --- [jecuz] [           main] o.s.t.web.servlet.TestDispatcherServlet  : Completed initialization in 1 ms
2026-01-22T17:00:15.778-03:00  INFO 15712 --- [jecuz] [           main] a.t.p.j.t.integration.TestControllerIT   : Started TestControllerIT in 0.545 seconds (process running for 58.837)
[INFO] Tests run: 1, Failures: 0, Errors: 0, Skipped: 0, Time elapsed: 0.633 s -- in ao.tcc.projetofinal.jecuz.test.integration.TestControllerIT
[INFO] Running ao.tcc.projetofinal.jecuz.test.unit.ClienteServiceUnitTest
[INFO] Tests run: 5, Failures: 0, Errors: 0, Skipped: 0, Time elapsed: 0.788 s -- in ao.tcc.projetofinal.jecuz.test.unit.ClienteServiceUnitTest
[INFO] Running ao.tcc.projetofinal.jecuz.test.unit.DiaristaServiceTest
[INFO] Tests run: 6, Failures: 0, Errors: 0, Skipped: 0, Time elapsed: 0.296 s -- in ao.tcc.projetofinal.jecuz.test.unit.DiaristaServiceTest
[INFO] Running ao.tcc.projetofinal.jecuz.test.unit.OrdensDeServicoServiceTest
[INFO] Tests run: 6, Failures: 0, Errors: 0, Skipped: 0, Time elapsed: 0.249 s -- in ao.tcc.projetofinal.jecuz.test.unit.OrdensDeServicoServiceTest
[INFO] 
[INFO] Results:
[INFO] 
[INFO] Tests run: 34, Failures: 0, Errors: 0, Skipped: 0
[INFO] 
[INFO] ------------------------------------------------------------------------
[INFO] BUILD SUCCESS
[INFO] ------------------------------------------------------------------------
[INFO] Total time:  01:08 min
[INFO] Finished at: 2026-01-22T17:00:18-03:00
[INFO] ------------------------------------------------------------------------
