[INFO] Scanning for projects...
[INFO] 
[INFO] ---------------------< ao.tcc.projeto.final:jecuz >---------------------
[INFO] Building Jecuz Api stable
[INFO]   from pom.xml
[INFO] --------------------------------[ jar ]---------------------------------
[INFO] 
[INFO] --- clean:3.4.1:clean (default-clean) @ jecuz ---
[INFO] Deleting C:\Users\ivans\Desktop\Jecuz_limpeza\target
[INFO] 
[INFO] --- jacoco:0.8.10:prepare-agent (prepare-agent) @ jecuz ---
[INFO] argLine set to -javaagent:C:\\Users\\ivans\\.m2\\repository\\org\\jacoco\\org.jacoco.agent\\0.8.10\\org.jacoco.agent-0.8.10-runtime.jar=destfile=C:\\Users\\ivans\\Desktop\\Jecuz_limpeza\\target\\jacoco.exec
[INFO] 
[INFO] --- resources:3.3.1:resources (default-resources) @ jecuz ---
[INFO] Copying 1 resource from src\main\resources to target\classes
[INFO] Copying 0 resource from src\main\resources to target\classes
[INFO] 
[INFO] --- compiler:3.14.0:compile (default-compile) @ jecuz ---
[INFO] Recompiling the module because of changed dependency.
[INFO] Compiling 49 source files with javac [debug parameters release 17] to target\classes
[INFO] 
[INFO] --- resources:3.3.1:testResources (default-testResources) @ jecuz ---
[INFO] skip non existing resourceDirectory C:\Users\ivans\Desktop\Jecuz_limpeza\src\test\resources
[INFO] 
[INFO] --- compiler:3.14.0:testCompile (default-testCompile) @ jecuz ---
[INFO] Recompiling the module because of changed dependency.
[INFO] Compiling 11 source files with javac [debug parameters release 17] to target\test-classes
[INFO] 
[INFO] --- surefire:3.5.3:test (default-test) @ jecuz ---
[INFO] Using auto detected provider org.apache.maven.surefire.junitplatform.JUnitPlatformProvider
[INFO] 
[INFO] -------------------------------------------------------
[INFO]  T E S T S
[INFO] -------------------------------------------------------
[INFO] Running ao.tcc.projetofinal.jecuz.JecuzAppApplicationDomainTests
16:57:54.673 [main] INFO org.testcontainers.images.PullPolicy -- Image pull policy will be performed by: DefaultPullPolicy()
16:57:54.696 [main] INFO org.testcontainers.utility.ImageNameSubstitutor -- Image name substitution will be performed by: DefaultImageNameSubstitutor (composite of 'ConfigurationFileImageNameSubstitutor' and 'PrefixingImageNameSubstitutor')
16:57:54.911 [main] INFO org.testcontainers.DockerClientFactory -- Testcontainers version: 1.21.3
16:57:56.101 [main] INFO org.testcontainers.dockerclient.DockerClientProviderStrategy -- Loaded org.testcontainers.dockerclient.NpipeSocketClientProviderStrategy from ~/.testcontainers.properties, will try it first
16:57:57.217 [main] INFO org.testcontainers.dockerclient.DockerClientProviderStrategy -- Found Docker environment with local Npipe socket (npipe:////./pipe/docker_engine)
16:57:57.220 [main] INFO org.testcontainers.DockerClientFactory -- Docker host IP address is localhost
16:57:57.274 [main] INFO org.testcontainers.DockerClientFactory -- Connected to docker: 
  Server Version: 28.5.1
  API Version: 1.51
  Operating System: Docker Desktop
  Total Memory: 7785 MB
  Labels: 
    com.docker.desktop.address=npipe://\\.\pipe\docker_cli
16:57:57.661 [main] INFO tc.testcontainers/ryuk:0.12.0 -- Creating container for image: testcontainers/ryuk:0.12.0
16:57:57.858 [main] INFO org.testcontainers.utility.RegistryAuthLocator -- Credential helper/store (docker-credential-desktop) does not have credentials for https://index.docker.io/v1/
16:57:58.352 [main] INFO tc.testcontainers/ryuk:0.12.0 -- Container testcontainers/ryuk:0.12.0 is starting: bcb27ece1c492011a4ac9a57f23ff944faec98714487b5a1f0070ea524ab3d4f
16:57:59.599 [main] INFO tc.testcontainers/ryuk:0.12.0 -- Container testcontainers/ryuk:0.12.0 started in PT1.9376609S
16:57:59.622 [main] INFO org.testcontainers.utility.RyukResourceReaper -- Ryuk started - will monitor and terminate Testcontainers containers on JVM exit
16:57:59.623 [main] INFO org.testcontainers.DockerClientFactory -- Checking the system...
16:57:59.626 [main] INFO org.testcontainers.DockerClientFactory -- ?? Docker server version should be at least 1.6.0
16:57:59.628 [main] INFO tc.postgres:16-alpine -- Creating container for image: postgres:16-alpine
16:57:59.910 [main] INFO tc.postgres:16-alpine -- Container postgres:16-alpine is starting: e0853b6e03f62a6b39b667b504b73dc8cf27ad659f9bad78b6063fe54be7f25c
16:58:03.641 [main] INFO tc.postgres:16-alpine -- Container postgres:16-alpine started in PT4.0135881S
16:58:03.644 [main] INFO tc.postgres:16-alpine -- Container is started (JDBC URL: jdbc:postgresql://localhost:50884/test?loggerLevel=OFF)
Standard Commons Logging discovery in action with spring-jcl: please remove commons-logging.jar from classpath in order to avoid potential conflicts
16:58:03.992 [main] INFO org.springframework.test.context.support.AnnotationConfigContextLoaderUtils -- Could not detect default configuration classes for test class [ao.tcc.projetofinal.jecuz.JecuzAppApplicationDomainTests]: JecuzAppApplicationDomainTests does not declare any static, non-private, non-final, nested classes annotated with @Configuration.
16:58:04.463 [main] INFO org.springframework.boot.test.context.SpringBootTestContextBootstrapper -- Found @SpringBootConfiguration ao.tcc.projetofinal.jecuz.JecuzAppApplication for test class ao.tcc.projetofinal.jecuz.JecuzAppApplicationDomainTests

  .   ____          _            __ _ _
 /\\ / ___'_ __ _ _(_)_ __  __ _ \ \ \ \
( ( )\___ | '_ | '_| | '_ \/ _` | \ \ \ \
 \\/  ___)| |_)| | | | | || (_| |  ) ) ) )
  '  |____| .__|_| |_|_| |_\__, | / / / /
 =========|_|==============|___/=/_/_/_/

 :: Spring Boot ::                (v3.5.5)

2026-01-22T16:58:06.060-03:00  INFO 11476 --- [jecuz] [           main] a.t.p.j.JecuzAppApplicationDomainTests   : url jdbc:postgresql://localhost:50884/test?loggerLevel=OFF
2026-01-22T16:58:06.064-03:00  INFO 11476 --- [jecuz] [           main] a.t.p.j.JecuzAppApplicationDomainTests   : username test
2026-01-22T16:58:06.064-03:00  INFO 11476 --- [jecuz] [           main] a.t.p.j.JecuzAppApplicationDomainTests   : password test
2026-01-22T16:58:06.088-03:00  INFO 11476 --- [jecuz] [           main] a.t.p.j.JecuzAppApplicationDomainTests   : spring.datasource.driver-class-name org.postgresql.Driver@1415f18d
2026-01-22T16:58:06.145-03:00  INFO 11476 --- [jecuz] [           main] a.t.p.j.JecuzAppApplicationDomainTests   : Starting JecuzAppApplicationDomainTests using Java 17.0.15 with PID 11476 (started by ivans in C:\Users\ivans\Desktop\Jecuz_limpeza)
2026-01-22T16:58:06.149-03:00  INFO 11476 --- [jecuz] [           main] a.t.p.j.JecuzAppApplicationDomainTests   : No active profile set, falling back to 1 default profile: "default"
2026-01-22T16:58:11.880-03:00  INFO 11476 --- [jecuz] [           main] .s.d.r.c.RepositoryConfigurationDelegate : Bootstrapping Spring Data JPA repositories in DEFAULT mode.
2026-01-22T16:58:12.156-03:00  INFO 11476 --- [jecuz] [           main] .s.d.r.c.RepositoryConfigurationDelegate : Finished Spring Data repository scanning in 226 ms. Found 4 JPA repository interfaces.
2026-01-22T16:58:14.319-03:00  INFO 11476 --- [jecuz] [           main] o.s.b.w.embedded.tomcat.TomcatWebServer  : Tomcat initialized with port 0 (http)
2026-01-22T16:58:14.361-03:00  INFO 11476 --- [jecuz] [           main] o.apache.catalina.core.StandardService   : Starting service [Tomcat]
2026-01-22T16:58:14.362-03:00  INFO 11476 --- [jecuz] [           main] o.apache.catalina.core.StandardEngine    : Starting Servlet engine: [Apache Tomcat/10.1.47]
2026-01-22T16:58:14.549-03:00  INFO 11476 --- [jecuz] [           main] o.a.c.c.C.[Tomcat].[localhost].[/]       : Initializing Spring embedded WebApplicationContext
2026-01-22T16:58:14.552-03:00  INFO 11476 --- [jecuz] [           main] w.s.c.ServletWebServerApplicationContext : Root WebApplicationContext: initialization completed in 7548 ms
Standard Commons Logging discovery in action with spring-jcl: please remove commons-logging.jar from classpath in order to avoid potential conflicts
2026-01-22T16:58:15.411-03:00  INFO 11476 --- [jecuz] [           main] o.hibernate.jpa.internal.util.LogHelper  : HHH000204: Processing PersistenceUnitInfo [name: default]
2026-01-22T16:58:15.608-03:00  INFO 11476 --- [jecuz] [           main] org.hibernate.Version                    : HHH000412: Hibernate ORM core version 6.6.26.Final
2026-01-22T16:58:15.705-03:00  INFO 11476 --- [jecuz] [           main] o.h.c.internal.RegionFactoryInitiator    : HHH000026: Second-level cache disabled
2026-01-22T16:58:16.365-03:00  INFO 11476 --- [jecuz] [           main] o.s.o.j.p.SpringPersistenceUnitInfo      : No LoadTimeWeaver setup: ignoring JPA class transformer
2026-01-22T16:58:16.447-03:00  INFO 11476 --- [jecuz] [           main] com.zaxxer.hikari.HikariDataSource       : HikariPool-1 - Starting...
2026-01-22T16:58:16.871-03:00  INFO 11476 --- [jecuz] [           main] com.zaxxer.hikari.pool.HikariPool        : HikariPool-1 - Added connection org.postgresql.jdbc.PgConnection@2387b2a
2026-01-22T16:58:16.877-03:00  INFO 11476 --- [jecuz] [           main] com.zaxxer.hikari.HikariDataSource       : HikariPool-1 - Start completed.
2026-01-22T16:58:16.993-03:00  WARN 11476 --- [jecuz] [           main] org.hibernate.orm.deprecation            : HHH90000025: PostgreSQLDialect does not need to be specified explicitly using 'hibernate.dialect' (remove the property setting and it will be selected by default)
2026-01-22T16:58:17.091-03:00  INFO 11476 --- [jecuz] [           main] org.hibernate.orm.connections.pooling    : HHH10001005: Database info:
	Database JDBC URL [Connecting through datasource 'HikariDataSource (HikariPool-1)']
	Database driver: undefined/unknown
	Database version: 16.10
	Autocommit mode: undefined/unknown
	Isolation level: undefined/unknown
	Minimum pool size: undefined/unknown
	Maximum pool size: undefined/unknown
2026-01-22T16:58:20.265-03:00  INFO 11476 --- [jecuz] [           main] o.h.e.t.j.p.i.JtaPlatformInitiator       : HHH000489: No JTA platform available (set 'hibernate.transaction.jta.platform' to enable JTA platform integration)
2026-01-22T16:58:20.430-03:00  INFO 11476 --- [jecuz] [           main] j.LocalContainerEntityManagerFactoryBean : Initialized JPA EntityManagerFactory for persistence unit 'default'
2026-01-22T16:58:21.353-03:00  WARN 11476 --- [jecuz] [           main] JpaBaseConfiguration$JpaWebConfiguration : spring.jpa.open-in-view is enabled by default. Therefore, database queries may be performed during view rendering. Explicitly configure spring.jpa.open-in-view to disable this warning
2026-01-22T16:58:24.219-03:00  INFO 11476 --- [jecuz] [           main] o.s.b.a.e.web.EndpointLinksResolver      : Exposing 13 endpoints beneath base path '/actuator'
2026-01-22T16:58:24.585-03:00  INFO 11476 --- [jecuz] [           main] o.s.b.w.embedded.tomcat.TomcatWebServer  : Tomcat started on port 50906 (http) with context path '/'
2026-01-22T16:58:24.625-03:00  INFO 11476 --- [jecuz] [           main] a.t.p.j.JecuzAppApplicationDomainTests   : Started JecuzAppApplicationDomainTests in 19.649 seconds (process running for 34.021)
Java HotSpot(TM) 64-Bit Server VM warning: Sharing is only supported for boot loader classes because bootstrap classpath has been appended
2026-01-22T16:58:29.076-03:00  INFO 11476 --- [jecuz] [o-auto-1-exec-1] o.a.c.c.C.[Tomcat].[localhost].[/]       : Initializing Spring DispatcherServlet 'dispatcherServlet'
2026-01-22T16:58:29.077-03:00  INFO 11476 --- [jecuz] [o-auto-1-exec-1] o.s.web.servlet.DispatcherServlet        : Initializing Servlet 'dispatcherServlet'
2026-01-22T16:58:29.079-03:00  INFO 11476 --- [jecuz] [o-auto-1-exec-1] o.s.web.servlet.DispatcherServlet        : Completed initialization in 2 ms
[INFO] Tests run: 2, Failures: 0, Errors: 0, Skipped: 0, Time elapsed: 36.94 s -- in ao.tcc.projetofinal.jecuz.JecuzAppApplicationDomainTests
[INFO] Running ao.tcc.projetofinal.jecuz.test.integration.ClienteContainerTest
2026-01-22T16:58:31.034-03:00  INFO 11476 --- [jecuz] [           main] tc.postgres:15                           : Creating container for image: postgres:15
2026-01-22T16:58:31.377-03:00  INFO 11476 --- [jecuz] [           main] tc.postgres:15                           : Container postgres:15 is starting: 1a7f43b920c8a2f89a1abf2221266d61490247dee5b700c4791e10a0026b8fc3
2026-01-22T16:58:34.263-03:00  INFO 11476 --- [jecuz] [           main] tc.postgres:15                           : Container postgres:15 started in PT3.2291101S
2026-01-22T16:58:34.264-03:00  INFO 11476 --- [jecuz] [           main] tc.postgres:15                           : Container is started (JDBC URL: jdbc:postgresql://localhost:50912/test?loggerLevel=OFF)
2026-01-22T16:58:34.268-03:00  INFO 11476 --- [jecuz] [           main] t.c.s.AnnotationConfigContextLoaderUtils : Could not detect default configuration classes for test class [ao.tcc.projetofinal.jecuz.test.integration.ClienteContainerTest]: ClienteContainerTest does not declare any static, non-private, non-final, nested classes annotated with @Configuration.
2026-01-22T16:58:34.326-03:00  INFO 11476 --- [jecuz] [           main] .b.t.c.SpringBootTestContextBootstrapper : Found @SpringBootConfiguration ao.tcc.projetofinal.jecuz.JecuzAppApplication for test class ao.tcc.projetofinal.jecuz.test.integration.ClienteContainerTest

  .   ____          _            __ _ _
 /\\ / ___'_ __ _ _(_)_ __  __ _ \ \ \ \
( ( )\___ | '_ | '_| | '_ \/ _` | \ \ \ \
 \\/  ___)| |_)| | | | | || (_| |  ) ) ) )
  '  |____| .__|_| |_|_| |_\__, | / / / /
 =========|_|==============|___/=/_/_/_/

 :: Spring Boot ::                (v3.5.5)

url: jdbc:postgresql://localhost:50912/test?loggerLevel=OFF
username: test
password: test
spring.datasource.driver-class-name: org.postgresql.Driver@738110ab
2026-01-22T16:58:34.401-03:00  INFO 11476 --- [jecuz] [           main] a.t.p.j.t.i.ClienteContainerTest         : Starting ClienteContainerTest using Java 17.0.15 with PID 11476 (started by ivans in C:\Users\ivans\Desktop\Jecuz_limpeza)
2026-01-22T16:58:34.402-03:00  INFO 11476 --- [jecuz] [           main] a.t.p.j.t.i.ClienteContainerTest         : No active profile set, falling back to 1 default profile: "default"
2026-01-22T16:58:35.658-03:00  INFO 11476 --- [jecuz] [           main] .s.d.r.c.RepositoryConfigurationDelegate : Bootstrapping Spring Data JPA repositories in DEFAULT mode.
2026-01-22T16:58:35.732-03:00  INFO 11476 --- [jecuz] [           main] .s.d.r.c.RepositoryConfigurationDelegate : Finished Spring Data repository scanning in 70 ms. Found 4 JPA repository interfaces.
2026-01-22T16:58:36.001-03:00  INFO 11476 --- [jecuz] [           main] o.s.b.w.embedded.tomcat.TomcatWebServer  : Tomcat initialized with port 0 (http)
2026-01-22T16:58:36.003-03:00  INFO 11476 --- [jecuz] [           main] o.apache.catalina.core.StandardService   : Starting service [Tomcat]
2026-01-22T16:58:36.005-03:00  INFO 11476 --- [jecuz] [           main] o.apache.catalina.core.StandardEngine    : Starting Servlet engine: [Apache Tomcat/10.1.47]
2026-01-22T16:58:36.115-03:00  INFO 11476 --- [jecuz] [           main] o.a.c.c.C.[Tomcat-1].[localhost].[/]     : Initializing Spring embedded WebApplicationContext
2026-01-22T16:58:36.116-03:00  INFO 11476 --- [jecuz] [           main] w.s.c.ServletWebServerApplicationContext : Root WebApplicationContext: initialization completed in 1709 ms
Standard Commons Logging discovery in action with spring-jcl: please remove commons-logging.jar from classpath in order to avoid potential conflicts
2026-01-22T16:58:36.343-03:00  INFO 11476 --- [jecuz] [           main] o.hibernate.jpa.internal.util.LogHelper  : HHH000204: Processing PersistenceUnitInfo [name: default]
2026-01-22T16:58:36.357-03:00  INFO 11476 --- [jecuz] [           main] o.h.c.internal.RegionFactoryInitiator    : HHH000026: Second-level cache disabled
2026-01-22T16:58:36.393-03:00  INFO 11476 --- [jecuz] [           main] o.s.o.j.p.SpringPersistenceUnitInfo      : No LoadTimeWeaver setup: ignoring JPA class transformer
2026-01-22T16:58:36.396-03:00  INFO 11476 --- [jecuz] [           main] com.zaxxer.hikari.HikariDataSource       : HikariPool-2 - Starting...
2026-01-22T16:58:36.472-03:00  INFO 11476 --- [jecuz] [           main] com.zaxxer.hikari.pool.HikariPool        : HikariPool-2 - Added connection org.postgresql.jdbc.PgConnection@40bed86e
2026-01-22T16:58:36.473-03:00  INFO 11476 --- [jecuz] [           main] com.zaxxer.hikari.HikariDataSource       : HikariPool-2 - Start completed.
2026-01-22T16:58:36.485-03:00  WARN 11476 --- [jecuz] [           main] org.hibernate.orm.deprecation            : HHH90000025: PostgreSQLDialect does not need to be specified explicitly using 'hibernate.dialect' (remove the property setting and it will be selected by default)
2026-01-22T16:58:36.504-03:00  INFO 11476 --- [jecuz] [           main] org.hibernate.orm.connections.pooling    : HHH10001005: Database info:
	Database JDBC URL [Connecting through datasource 'HikariDataSource (HikariPool-2)']
	Database driver: undefined/unknown
	Database version: 15.14
	Autocommit mode: undefined/unknown
	Isolation level: undefined/unknown
	Minimum pool size: undefined/unknown
	Maximum pool size: undefined/unknown
2026-01-22T16:58:36.755-03:00  INFO 11476 --- [jecuz] [           main] o.h.e.t.j.p.i.JtaPlatformInitiator       : HHH000489: No JTA platform available (set 'hibernate.transaction.jta.platform' to enable JTA platform integration)
2026-01-22T16:58:36.866-03:00  INFO 11476 --- [jecuz] [           main] j.LocalContainerEntityManagerFactoryBean : Initialized JPA EntityManagerFactory for persistence unit 'default'
2026-01-22T16:58:37.059-03:00  WARN 11476 --- [jecuz] [           main] JpaBaseConfiguration$JpaWebConfiguration : spring.jpa.open-in-view is enabled by default. Therefore, database queries may be performed during view rendering. Explicitly configure spring.jpa.open-in-view to disable this warning
2026-01-22T16:58:37.732-03:00  INFO 11476 --- [jecuz] [           main] o.s.b.a.e.web.EndpointLinksResolver      : Exposing 13 endpoints beneath base path '/actuator'
2026-01-22T16:58:37.840-03:00  INFO 11476 --- [jecuz] [           main] o.s.b.w.embedded.tomcat.TomcatWebServer  : Tomcat started on port 50927 (http) with context path '/'
2026-01-22T16:58:37.866-03:00  INFO 11476 --- [jecuz] [           main] a.t.p.j.t.i.ClienteContainerTest         : Started ClienteContainerTest in 3.528 seconds (process running for 47.261)
[INFO] Tests run: 5, Failures: 0, Errors: 0, Skipped: 0, Time elapsed: 8.369 s -- in ao.tcc.projetofinal.jecuz.test.integration.ClienteContainerTest
[INFO] Running ao.tcc.projetofinal.jecuz.test.integration.ClienteIntegrationTest
2026-01-22T16:58:39.425-03:00  INFO 11476 --- [jecuz] [           main] tc.postgres:16-alpine                    : Creating container for image: postgres:16-alpine
2026-01-22T16:58:39.847-03:00  INFO 11476 --- [jecuz] [           main] tc.postgres:16-alpine                    : Container postgres:16-alpine is starting: f9d50c2b087efc27aea6255deea25a815623f79c9f2a5b84979553a5b8329f2f
2026-01-22T16:58:43.614-03:00  INFO 11476 --- [jecuz] [           main] tc.postgres:16-alpine                    : Container postgres:16-alpine started in PT4.1883248S
2026-01-22T16:58:43.614-03:00  INFO 11476 --- [jecuz] [           main] tc.postgres:16-alpine                    : Container is started (JDBC URL: jdbc:postgresql://localhost:50930/test?loggerLevel=OFF)
2026-01-22T16:58:43.619-03:00  INFO 11476 --- [jecuz] [           main] t.c.s.AnnotationConfigContextLoaderUtils : Could not detect default configuration classes for test class [ao.tcc.projetofinal.jecuz.test.integration.ClienteIntegrationTest]: ClienteIntegrationTest does not declare any static, non-private, non-final, nested classes annotated with @Configuration.
2026-01-22T16:58:43.635-03:00  INFO 11476 --- [jecuz] [           main] .b.t.c.SpringBootTestContextBootstrapper : Found @SpringBootConfiguration ao.tcc.projetofinal.jecuz.JecuzAppApplication for test class ao.tcc.projetofinal.jecuz.test.integration.ClienteIntegrationTest

  .   ____          _            __ _ _
 /\\ / ___'_ __ _ _(_)_ __  __ _ \ \ \ \
( ( )\___ | '_ | '_| | '_ \/ _` | \ \ \ \
 \\/  ___)| |_)| | | | | || (_| |  ) ) ) )
  '  |____| .__|_| |_|_| |_\__, | / / / /
 =========|_|==============|___/=/_/_/_/

 :: Spring Boot ::                (v3.5.5)

url: jdbc:postgresql://localhost:50930/test?loggerLevel=OFF
username: test
password: test
spring.datasource.driver-class-name: org.postgresql.Driver@32fe2870
2026-01-22T16:58:43.696-03:00  INFO 11476 --- [jecuz] [           main] a.t.p.j.t.i.ClienteIntegrationTest       : Starting ClienteIntegrationTest using Java 17.0.15 with PID 11476 (started by ivans in C:\Users\ivans\Desktop\Jecuz_limpeza)
2026-01-22T16:58:43.697-03:00  INFO 11476 --- [jecuz] [           main] a.t.p.j.t.i.ClienteIntegrationTest       : No active profile set, falling back to 1 default profile: "default"
2026-01-22T16:58:44.663-03:00  INFO 11476 --- [jecuz] [           main] .s.d.r.c.RepositoryConfigurationDelegate : Bootstrapping Spring Data JPA repositories in DEFAULT mode.
2026-01-22T16:58:44.716-03:00  INFO 11476 --- [jecuz] [           main] .s.d.r.c.RepositoryConfigurationDelegate : Finished Spring Data repository scanning in 48 ms. Found 4 JPA repository interfaces.
2026-01-22T16:58:46.249-03:00  INFO 11476 --- [jecuz] [           main] o.s.b.w.embedded.tomcat.TomcatWebServer  : Tomcat initialized with port 0 (http)
2026-01-22T16:58:46.252-03:00  INFO 11476 --- [jecuz] [           main] o.apache.catalina.core.StandardService   : Starting service [Tomcat]
2026-01-22T16:58:46.254-03:00  INFO 11476 --- [jecuz] [           main] o.apache.catalina.core.StandardEngine    : Starting Servlet engine: [Apache Tomcat/10.1.47]
2026-01-22T16:58:46.493-03:00  INFO 11476 --- [jecuz] [           main] o.a.c.c.C.[Tomcat-2].[localhost].[/]     : Initializing Spring embedded WebApplicationContext
2026-01-22T16:58:46.495-03:00  INFO 11476 --- [jecuz] [           main] w.s.c.ServletWebServerApplicationContext : Root WebApplicationContext: initialization completed in 2796 ms
Standard Commons Logging discovery in action with spring-jcl: please remove commons-logging.jar from classpath in order to avoid potential conflicts
2026-01-22T16:58:47.218-03:00  INFO 11476 --- [jecuz] [           main] o.hibernate.jpa.internal.util.LogHelper  : HHH000204: Processing PersistenceUnitInfo [name: default]
2026-01-22T16:58:47.243-03:00  INFO 11476 --- [jecuz] [           main] o.h.c.internal.RegionFactoryInitiator    : HHH000026: Second-level cache disabled
2026-01-22T16:58:47.310-03:00  INFO 11476 --- [jecuz] [           main] o.s.o.j.p.SpringPersistenceUnitInfo      : No LoadTimeWeaver setup: ignoring JPA class transformer
2026-01-22T16:58:47.317-03:00  INFO 11476 --- [jecuz] [           main] com.zaxxer.hikari.HikariDataSource       : HikariPool-3 - Starting...
2026-01-22T16:58:47.812-03:00  INFO 11476 --- [jecuz] [           main] com.zaxxer.hikari.pool.HikariPool        : HikariPool-3 - Added connection org.postgresql.jdbc.PgConnection@68ac1761
2026-01-22T16:58:47.815-03:00  INFO 11476 --- [jecuz] [           main] com.zaxxer.hikari.HikariDataSource       : HikariPool-3 - Start completed.
2026-01-22T16:58:47.838-03:00  WARN 11476 --- [jecuz] [           main] org.hibernate.orm.deprecation            : HHH90000025: PostgreSQLDialect does not need to be specified explicitly using 'hibernate.dialect' (remove the property setting and it will be selected by default)
2026-01-22T16:58:47.865-03:00  INFO 11476 --- [jecuz] [           main] org.hibernate.orm.connections.pooling    : HHH10001005: Database info:
	Database JDBC URL [Connecting through datasource 'HikariDataSource (HikariPool-3)']
	Database driver: undefined/unknown
	Database version: 16.10
	Autocommit mode: undefined/unknown
	Isolation level: undefined/unknown
	Minimum pool size: undefined/unknown
	Maximum pool size: undefined/unknown
2026-01-22T16:58:48.468-03:00  INFO 11476 --- [jecuz] [           main] o.h.e.t.j.p.i.JtaPlatformInitiator       : HHH000489: No JTA platform available (set 'hibernate.transaction.jta.platform' to enable JTA platform integration)
2026-01-22T16:58:48.748-03:00  INFO 11476 --- [jecuz] [           main] j.LocalContainerEntityManagerFactoryBean : Initialized JPA EntityManagerFactory for persistence unit 'default'
2026-01-22T16:58:49.384-03:00  WARN 11476 --- [jecuz] [           main] JpaBaseConfiguration$JpaWebConfiguration : spring.jpa.open-in-view is enabled by default. Therefore, database queries may be performed during view rendering. Explicitly configure spring.jpa.open-in-view to disable this warning
2026-01-22T16:58:51.113-03:00  INFO 11476 --- [jecuz] [           main] o.a.c.c.C.[Tomcat-2].[localhost].[/]     : Initializing Spring TestDispatcherServlet ''
2026-01-22T16:58:51.114-03:00  INFO 11476 --- [jecuz] [           main] o.s.t.web.servlet.TestDispatcherServlet  : Initializing Servlet ''
2026-01-22T16:58:51.129-03:00  INFO 11476 --- [jecuz] [           main] o.s.b.a.e.web.EndpointLinksResolver      : Exposing 13 endpoints beneath base path '/actuator'
2026-01-22T16:58:51.180-03:00  INFO 11476 --- [jecuz] [           main] o.s.t.web.servlet.TestDispatcherServlet  : Completed initialization in 65 ms
2026-01-22T16:58:51.376-03:00  INFO 11476 --- [jecuz] [           main] o.s.b.w.embedded.tomcat.TomcatWebServer  : Tomcat started on port 50950 (http) with context path '/'
2026-01-22T16:58:51.434-03:00  INFO 11476 --- [jecuz] [           main] a.t.p.j.t.i.ClienteIntegrationTest       : Started ClienteIntegrationTest in 7.792 seconds (process running for 60.83)

MockHttpServletRequest:
      HTTP Method = GET
      Request URI = /api/cliente/list
       Parameters = {search=[], page=[0], size=[10]}
          Headers = [Content-Type:"application/json;charset=UTF-8", Accept:"application/json"]
             Body = null
    Session Attrs = {}

Handler:
             Type = ao.tcc.projetofinal.jecuz.controllers.ClienteController
           Method = ao.tcc.projetofinal.jecuz.controllers.ClienteController#list(String, Integer, Integer)

Async:
    Async started = false
     Async result = null

Resolved Exception:
             Type = null

ModelAndView:
        View name = null
             View = null
            Model = null

FlashMap:
       Attributes = null

MockHttpServletResponse:
           Status = 200
    Error message = null
          Headers = [Content-Type:"application/json"]
     Content type = application/json
             Body = {"content":[{"nome":"Kaunda Daniel Masutic Da Gama","nascimento":"10/02/1990","telefone":"+244924192969","numeroBi":"001234567BA045","email":"kaunda.daniel@email.com"},{"nome":"Armando Pupilo do Kaunda Daniel","nascimento":"01/07/1995","telefone":"+244924192980","numeroBi":"001234765AR045","email":"armando.pupilo@email.com"}],"pageNumber":0,"numberContent":2,"totalPages":1,"totalElements":2}
    Forwarded URL = null
   Redirected URL = null
          Cookies = []

MockHttpServletRequest:
      HTTP Method = POST
      Request URI = /api/cliente/save
       Parameters = {}
          Headers = [Content-Type:"application/json;charset=UTF-8", Accept:"application/json", Content-Length:"187"]
             Body = {
  "nome" : "Kaunda Daniel Masutic Da Gama",
  "nascimento" : "10/02/1990",
  "telefone" : "+244924192969",
  "numeroBi" : "001234567BA045",
  "email" : "kaunda.daniel@email.com"
}
    Session Attrs = {}

Handler:
             Type = ao.tcc.projetofinal.jecuz.controllers.ClienteController
           Method = ao.tcc.projetofinal.jecuz.controllers.ClienteController#save(ClienteRequest)

Async:
    Async started = false
     Async result = null

Resolved Exception:
             Type = null

ModelAndView:
        View name = null
             View = null
            Model = null

FlashMap:
       Attributes = null

MockHttpServletResponse:
           Status = 201
    Error message = null
          Headers = [Content-Type:"application/json"]
     Content type = application/json
             Body = {"nome":"Kaunda Daniel Masutic Da Gama","nascimento":"10/02/1990","telefone":"+244924192969","numeroBi":"001234567BA045","email":"kaunda.daniel@email.com"}
    Forwarded URL = null
   Redirected URL = null
          Cookies = []
[INFO] Tests run: 3, Failures: 0, Errors: 0, Skipped: 0, Time elapsed: 14.74 s -- in ao.tcc.projetofinal.jecuz.test.integration.ClienteIntegrationTest
[INFO] Running ao.tcc.projetofinal.jecuz.test.integration.OrdensDeServicoControllerTest
2026-01-22T16:58:54.195-03:00  INFO 11476 --- [jecuz] [           main] t.c.s.AnnotationConfigContextLoaderUtils : Could not detect default configuration classes for test class [ao.tcc.projetofinal.jecuz.test.integration.OrdensDeServicoControllerTest]: OrdensDeServicoControllerTest does not declare any static, non-private, non-final, nested classes annotated with @Configuration.
2026-01-22T16:58:54.324-03:00  INFO 11476 --- [jecuz] [           main] .b.t.c.SpringBootTestContextBootstrapper : Found @SpringBootConfiguration ao.tcc.projetofinal.jecuz.JecuzAppApplication for test class ao.tcc.projetofinal.jecuz.test.integration.OrdensDeServicoControllerTest

  .   ____          _            __ _ _
 /\\ / ___'_ __ _ _(_)_ __  __ _ \ \ \ \
( ( )\___ | '_ | '_| | '_ \/ _` | \ \ \ \
 \\/  ___)| |_)| | | | | || (_| |  ) ) ) )
  '  |____| .__|_| |_|_| |_\__, | / / / /
 =========|_|==============|___/=/_/_/_/

 :: Spring Boot ::                (v3.5.5)

2026-01-22T16:58:54.495-03:00  INFO 11476 --- [jecuz] [           main] .t.p.j.t.i.OrdensDeServicoControllerTest : Starting OrdensDeServicoControllerTest using Java 17.0.15 with PID 11476 (started by ivans in C:\Users\ivans\Desktop\Jecuz_limpeza)
2026-01-22T16:58:54.497-03:00  INFO 11476 --- [jecuz] [           main] .t.p.j.t.i.OrdensDeServicoControllerTest : No active profile set, falling back to 1 default profile: "default"
2026-01-22T16:58:55.602-03:00  INFO 11476 --- [jecuz] [           main] o.s.b.t.m.w.SpringBootMockServletContext : Initializing Spring TestDispatcherServlet ''
2026-01-22T16:58:55.602-03:00  INFO 11476 --- [jecuz] [           main] o.s.t.web.servlet.TestDispatcherServlet  : Initializing Servlet ''
2026-01-22T16:58:55.604-03:00  INFO 11476 --- [jecuz] [           main] o.s.t.web.servlet.TestDispatcherServlet  : Completed initialization in 2 ms
2026-01-22T16:58:55.617-03:00  INFO 11476 --- [jecuz] [           main] .t.p.j.t.i.OrdensDeServicoControllerTest : Started OrdensDeServicoControllerTest in 1.243 seconds (process running for 65.014)
[INFO] Tests run: 6, Failures: 0, Errors: 0, Skipped: 0, Time elapsed: 1.829 s -- in ao.tcc.projetofinal.jecuz.test.integration.OrdensDeServicoControllerTest
[INFO] Running ao.tcc.projetofinal.jecuz.test.integration.TestControllerIT
2026-01-22T16:58:56.011-03:00  INFO 11476 --- [jecuz] [           main] t.c.s.AnnotationConfigContextLoaderUtils : Could not detect default configuration classes for test class [ao.tcc.projetofinal.jecuz.test.integration.TestControllerIT]: TestControllerIT does not declare any static, non-private, non-final, nested classes annotated with @Configuration.
2026-01-22T16:58:56.073-03:00  INFO 11476 --- [jecuz] [           main] .b.t.c.SpringBootTestContextBootstrapper : Found @SpringBootConfiguration ao.tcc.projetofinal.jecuz.JecuzAppApplication for test class ao.tcc.projetofinal.jecuz.test.integration.TestControllerIT

  .   ____          _            __ _ _
 /\\ / ___'_ __ _ _(_)_ __  __ _ \ \ \ \
( ( )\___ | '_ | '_| | '_ \/ _` | \ \ \ \
 \\/  ___)| |_)| | | | | || (_| |  ) ) ) )
  '  |____| .__|_| |_|_| |_\__, | / / / /
 =========|_|==============|___/=/_/_/_/

 :: Spring Boot ::                (v3.5.5)

2026-01-22T16:58:56.142-03:00  INFO 11476 --- [jecuz] [           main] a.t.p.j.t.integration.TestControllerIT   : Starting TestControllerIT using Java 17.0.15 with PID 11476 (started by ivans in C:\Users\ivans\Desktop\Jecuz_limpeza)
2026-01-22T16:58:56.143-03:00  INFO 11476 --- [jecuz] [           main] a.t.p.j.t.integration.TestControllerIT   : No active profile set, falling back to 1 default profile: "default"
2026-01-22T16:58:56.767-03:00  INFO 11476 --- [jecuz] [           main] o.s.b.t.m.w.SpringBootMockServletContext : Initializing Spring TestDispatcherServlet ''
2026-01-22T16:58:56.768-03:00  INFO 11476 --- [jecuz] [           main] o.s.t.web.servlet.TestDispatcherServlet  : Initializing Servlet ''
2026-01-22T16:58:56.771-03:00  INFO 11476 --- [jecuz] [           main] o.s.t.web.servlet.TestDispatcherServlet  : Completed initialization in 2 ms
2026-01-22T16:58:56.787-03:00  INFO 11476 --- [jecuz] [           main] a.t.p.j.t.integration.TestControllerIT   : Started TestControllerIT in 0.706 seconds (process running for 66.183)
[INFO] Tests run: 1, Failures: 0, Errors: 0, Skipped: 0, Time elapsed: 0.826 s -- in ao.tcc.projetofinal.jecuz.test.integration.TestControllerIT
[INFO] Running ao.tcc.projetofinal.jecuz.test.unit.ClienteServiceUnitTest
[INFO] Tests run: 5, Failures: 0, Errors: 0, Skipped: 0, Time elapsed: 1.092 s -- in ao.tcc.projetofinal.jecuz.test.unit.ClienteServiceUnitTest
[INFO] Running ao.tcc.projetofinal.jecuz.test.unit.DiaristaServiceTest
[INFO] Tests run: 6, Failures: 0, Errors: 0, Skipped: 0, Time elapsed: 0.403 s -- in ao.tcc.projetofinal.jecuz.test.unit.DiaristaServiceTest
[INFO] Running ao.tcc.projetofinal.jecuz.test.unit.OrdensDeServicoServiceTest
[INFO] Tests run: 6, Failures: 0, Errors: 0, Skipped: 0, Time elapsed: 0.373 s -- in ao.tcc.projetofinal.jecuz.test.unit.OrdensDeServicoServiceTest
[INFO] 
[INFO] Results:
[INFO] 
[INFO] Tests run: 34, Failures: 0, Errors: 0, Skipped: 0
[INFO] 
[INFO] 
[INFO] --- jar:3.4.2:jar (default-jar) @ jecuz ---
[INFO] Building jar: C:\Users\ivans\Desktop\Jecuz_limpeza\target\jecuz.jar
[INFO] 
[INFO] --- spring-boot:3.5.5:repackage (repackage) @ jecuz ---
[INFO] Replacing main artifact C:\Users\ivans\Desktop\Jecuz_limpeza\target\jecuz.jar with repackaged archive, adding nested dependencies in BOOT-INF/.
[INFO] The original artifact has been renamed to C:\Users\ivans\Desktop\Jecuz_limpeza\target\jecuz.jar.original
[INFO] 
[INFO] --- jacoco:0.8.10:report (report) @ jecuz ---
[INFO] Loading execution data file C:\Users\ivans\Desktop\Jecuz_limpeza\target\jacoco.exec
[INFO] Analyzed bundle 'Jecuz Api' with 31 classes
[INFO] 
[INFO] --- install:3.1.4:install (default-install) @ jecuz ---
[INFO] Installing C:\Users\ivans\Desktop\Jecuz_limpeza\pom.xml to C:\Users\ivans\.m2\repository\ao\tcc\projeto\final\jecuz\stable\jecuz-stable.pom
[INFO] Installing C:\Users\ivans\Desktop\Jecuz_limpeza\target\jecuz.jar to C:\Users\ivans\.m2\repository\ao\tcc\projeto\final\jecuz\stable\jecuz-stable.jar
[INFO] ------------------------------------------------------------------------
[INFO] BUILD SUCCESS
[INFO] ------------------------------------------------------------------------
[INFO] Total time:  01:55 min
[INFO] Finished at: 2026-01-22T16:59:06-03:00
[INFO] ------------------------------------------------------------------------
