[INFO] Scanning for projects...
[INFO] 
[INFO] ---------------------< ao.tcc.projeto.final:jecuz >---------------------
[INFO] Building Jecuz Api stable
[INFO]   from pom.xml
[INFO] --------------------------------[ jar ]---------------------------------
[INFO] 
[INFO] --- jacoco:0.8.10:prepare-agent (prepare-agent) @ jecuz ---
[INFO] argLine set to -javaagent:C:\\Users\\ivans\\.m2\\repository\\org\\jacoco\\org.jacoco.agent\\0.8.10\\org.jacoco.agent-0.8.10-runtime.jar=destfile=C:\\Users\\ivans\\Desktop\\Jecuz_limpeza\\target\\jacoco.exec
[INFO] 
[INFO] --- resources:3.3.1:resources (default-resources) @ jecuz ---
[INFO] Copying 1 resource from src\main\resources to target\classes
[INFO] Copying 0 resource from src\main\resources to target\classes
[INFO] 
[INFO] --- compiler:3.14.0:compile (default-compile) @ jecuz ---
[INFO] Nothing to compile - all classes are up to date.
[INFO] 
[INFO] --- resources:3.3.1:testResources (default-testResources) @ jecuz ---
[INFO] skip non existing resourceDirectory C:\Users\ivans\Desktop\Jecuz_limpeza\src\test\resources
[INFO] 
[INFO] --- compiler:3.14.0:testCompile (default-testCompile) @ jecuz ---
[INFO] Nothing to compile - all classes are up to date.
[INFO] 
[INFO] --- surefire:3.5.3:test (default-test) @ jecuz ---
[INFO] Using auto detected provider org.apache.maven.surefire.junitplatform.JUnitPlatformProvider
[INFO] 
[INFO] -------------------------------------------------------
[INFO]  T E S T S
[INFO] -------------------------------------------------------
[INFO] Running ao.tcc.projetofinal.jecuz.JecuzAppApplicationDomainTests
16:53:55.834 [main] INFO org.testcontainers.images.PullPolicy -- Image pull policy will be performed by: DefaultPullPolicy()
16:53:55.856 [main] INFO org.testcontainers.utility.ImageNameSubstitutor -- Image name substitution will be performed by: DefaultImageNameSubstitutor (composite of 'ConfigurationFileImageNameSubstitutor' and 'PrefixingImageNameSubstitutor')
16:53:56.008 [main] INFO org.testcontainers.DockerClientFactory -- Testcontainers version: 1.21.3
16:53:57.079 [main] INFO org.testcontainers.dockerclient.DockerClientProviderStrategy -- Loaded org.testcontainers.dockerclient.NpipeSocketClientProviderStrategy from ~/.testcontainers.properties, will try it first
16:53:57.928 [main] INFO org.testcontainers.dockerclient.DockerClientProviderStrategy -- Found Docker environment with local Npipe socket (npipe:////./pipe/docker_engine)
16:53:57.934 [main] INFO org.testcontainers.DockerClientFactory -- Docker host IP address is localhost
16:53:57.978 [main] INFO org.testcontainers.DockerClientFactory -- Connected to docker: 
  Server Version: 28.5.1
  API Version: 1.51
  Operating System: Docker Desktop
  Total Memory: 7785 MB
  Labels: 
    com.docker.desktop.address=npipe://\\.\pipe\docker_cli
16:53:58.270 [main] INFO tc.testcontainers/ryuk:0.12.0 -- Creating container for image: testcontainers/ryuk:0.12.0
16:53:58.417 [main] INFO org.testcontainers.utility.RegistryAuthLocator -- Credential helper/store (docker-credential-desktop) does not have credentials for https://index.docker.io/v1/
16:53:58.843 [main] INFO tc.testcontainers/ryuk:0.12.0 -- Container testcontainers/ryuk:0.12.0 is starting: b55ff254f6f5aaf9d39f6803d12df1f6044730d72710fc525f41191efea661d5
16:53:59.780 [main] INFO tc.testcontainers/ryuk:0.12.0 -- Container testcontainers/ryuk:0.12.0 started in PT1.5098174S
16:53:59.799 [main] INFO org.testcontainers.utility.RyukResourceReaper -- Ryuk started - will monitor and terminate Testcontainers containers on JVM exit
16:53:59.799 [main] INFO org.testcontainers.DockerClientFactory -- Checking the system...
16:53:59.801 [main] INFO org.testcontainers.DockerClientFactory -- ?? Docker server version should be at least 1.6.0
16:53:59.803 [main] INFO tc.postgres:16-alpine -- Creating container for image: postgres:16-alpine
16:54:00.131 [main] INFO tc.postgres:16-alpine -- Container postgres:16-alpine is starting: bdbff285def647a9d885181095d11d799be08a44a69f45d6978d4ecb7a8853db
16:54:02.653 [main] INFO tc.postgres:16-alpine -- Container postgres:16-alpine started in PT2.8497603S
16:54:02.654 [main] INFO tc.postgres:16-alpine -- Container is started (JDBC URL: jdbc:postgresql://localhost:50737/test?loggerLevel=OFF)
Standard Commons Logging discovery in action with spring-jcl: please remove commons-logging.jar from classpath in order to avoid potential conflicts
16:54:02.913 [main] INFO org.springframework.test.context.support.AnnotationConfigContextLoaderUtils -- Could not detect default configuration classes for test class [ao.tcc.projetofinal.jecuz.JecuzAppApplicationDomainTests]: JecuzAppApplicationDomainTests does not declare any static, non-private, non-final, nested classes annotated with @Configuration.
16:54:03.296 [main] INFO org.springframework.boot.test.context.SpringBootTestContextBootstrapper -- Found @SpringBootConfiguration ao.tcc.projetofinal.jecuz.JecuzAppApplication for test class ao.tcc.projetofinal.jecuz.JecuzAppApplicationDomainTests

  .   ____          _            __ _ _
 /\\ / ___'_ __ _ _(_)_ __  __ _ \ \ \ \
( ( )\___ | '_ | '_| | '_ \/ _` | \ \ \ \
 \\/  ___)| |_)| | | | | || (_| |  ) ) ) )
  '  |____| .__|_| |_|_| |_\__, | / / / /
 =========|_|==============|___/=/_/_/_/

 :: Spring Boot ::                (v3.5.5)

2026-01-22T16:54:05.131-03:00  INFO 24468 --- [jecuz] [           main] a.t.p.j.JecuzAppApplicationDomainTests   : url jdbc:postgresql://localhost:50737/test?loggerLevel=OFF
2026-01-22T16:54:05.131-03:00  INFO 24468 --- [jecuz] [           main] a.t.p.j.JecuzAppApplicationDomainTests   : username test
2026-01-22T16:54:05.131-03:00  INFO 24468 --- [jecuz] [           main] a.t.p.j.JecuzAppApplicationDomainTests   : password test
2026-01-22T16:54:05.151-03:00  INFO 24468 --- [jecuz] [           main] a.t.p.j.JecuzAppApplicationDomainTests   : spring.datasource.driver-class-name org.postgresql.Driver@5e0b7f58
2026-01-22T16:54:05.214-03:00  INFO 24468 --- [jecuz] [           main] a.t.p.j.JecuzAppApplicationDomainTests   : Starting JecuzAppApplicationDomainTests using Java 17.0.15 with PID 24468 (started by ivans in C:\Users\ivans\Desktop\Jecuz_limpeza)
2026-01-22T16:54:05.215-03:00  INFO 24468 --- [jecuz] [           main] a.t.p.j.JecuzAppApplicationDomainTests   : No active profile set, falling back to 1 default profile: "default"
2026-01-22T16:54:08.640-03:00  INFO 24468 --- [jecuz] [           main] .s.d.r.c.RepositoryConfigurationDelegate : Bootstrapping Spring Data JPA repositories in DEFAULT mode.
2026-01-22T16:54:08.836-03:00  INFO 24468 --- [jecuz] [           main] .s.d.r.c.RepositoryConfigurationDelegate : Finished Spring Data repository scanning in 160 ms. Found 4 JPA repository interfaces.
2026-01-22T16:54:10.474-03:00  INFO 24468 --- [jecuz] [           main] o.s.b.w.embedded.tomcat.TomcatWebServer  : Tomcat initialized with port 0 (http)
2026-01-22T16:54:10.509-03:00  INFO 24468 --- [jecuz] [           main] o.apache.catalina.core.StandardService   : Starting service [Tomcat]
2026-01-22T16:54:10.512-03:00  INFO 24468 --- [jecuz] [           main] o.apache.catalina.core.StandardEngine    : Starting Servlet engine: [Apache Tomcat/10.1.44]
2026-01-22T16:54:10.681-03:00  INFO 24468 --- [jecuz] [           main] o.a.c.c.C.[Tomcat].[localhost].[/]       : Initializing Spring embedded WebApplicationContext
2026-01-22T16:54:10.685-03:00  INFO 24468 --- [jecuz] [           main] w.s.c.ServletWebServerApplicationContext : Root WebApplicationContext: initialization completed in 4831 ms
Standard Commons Logging discovery in action with spring-jcl: please remove commons-logging.jar from classpath in order to avoid potential conflicts
2026-01-22T16:54:11.545-03:00  INFO 24468 --- [jecuz] [           main] o.hibernate.jpa.internal.util.LogHelper  : HHH000204: Processing PersistenceUnitInfo [name: default]
2026-01-22T16:54:11.752-03:00  INFO 24468 --- [jecuz] [           main] org.hibernate.Version                    : HHH000412: Hibernate ORM core version 6.6.26.Final
2026-01-22T16:54:11.868-03:00  INFO 24468 --- [jecuz] [           main] o.h.c.internal.RegionFactoryInitiator    : HHH000026: Second-level cache disabled
2026-01-22T16:54:12.484-03:00  INFO 24468 --- [jecuz] [           main] o.s.o.j.p.SpringPersistenceUnitInfo      : No LoadTimeWeaver setup: ignoring JPA class transformer
2026-01-22T16:54:12.581-03:00  INFO 24468 --- [jecuz] [           main] com.zaxxer.hikari.HikariDataSource       : HikariPool-1 - Starting...
2026-01-22T16:54:12.918-03:00  INFO 24468 --- [jecuz] [           main] com.zaxxer.hikari.pool.HikariPool        : HikariPool-1 - Added connection org.postgresql.jdbc.PgConnection@4f21e242
2026-01-22T16:54:12.918-03:00  INFO 24468 --- [jecuz] [           main] com.zaxxer.hikari.HikariDataSource       : HikariPool-1 - Start completed.
2026-01-22T16:54:13.017-03:00  WARN 24468 --- [jecuz] [           main] org.hibernate.orm.deprecation            : HHH90000025: PostgreSQLDialect does not need to be specified explicitly using 'hibernate.dialect' (remove the property setting and it will be selected by default)
2026-01-22T16:54:13.095-03:00  INFO 24468 --- [jecuz] [           main] org.hibernate.orm.connections.pooling    : HHH10001005: Database info:
	Database JDBC URL [Connecting through datasource 'HikariDataSource (HikariPool-1)']
	Database driver: undefined/unknown
	Database version: 16.10
	Autocommit mode: undefined/unknown
	Isolation level: undefined/unknown
	Minimum pool size: undefined/unknown
	Maximum pool size: undefined/unknown
2026-01-22T16:54:15.526-03:00  INFO 24468 --- [jecuz] [           main] o.h.e.t.j.p.i.JtaPlatformInitiator       : HHH000489: No JTA platform available (set 'hibernate.transaction.jta.platform' to enable JTA platform integration)
2026-01-22T16:54:15.715-03:00  INFO 24468 --- [jecuz] [           main] j.LocalContainerEntityManagerFactoryBean : Initialized JPA EntityManagerFactory for persistence unit 'default'
2026-01-22T16:54:16.601-03:00  WARN 24468 --- [jecuz] [           main] JpaBaseConfiguration$JpaWebConfiguration : spring.jpa.open-in-view is enabled by default. Therefore, database queries may be performed during view rendering. Explicitly configure spring.jpa.open-in-view to disable this warning
2026-01-22T16:54:19.455-03:00  INFO 24468 --- [jecuz] [           main] o.s.b.a.e.web.EndpointLinksResolver      : Exposing 13 endpoints beneath base path '/actuator'
2026-01-22T16:54:19.827-03:00  INFO 24468 --- [jecuz] [           main] o.s.b.w.embedded.tomcat.TomcatWebServer  : Tomcat started on port 50755 (http) with context path '/'
2026-01-22T16:54:19.876-03:00  INFO 24468 --- [jecuz] [           main] a.t.p.j.JecuzAppApplicationDomainTests   : Started JecuzAppApplicationDomainTests in 15.942 seconds (process running for 26.81)
Java HotSpot(TM) 64-Bit Server VM warning: Sharing is only supported for boot loader classes because bootstrap classpath has been appended
2026-01-22T16:54:23.484-03:00  INFO 24468 --- [jecuz] [o-auto-1-exec-1] o.a.c.c.C.[Tomcat].[localhost].[/]       : Initializing Spring DispatcherServlet 'dispatcherServlet'
2026-01-22T16:54:23.484-03:00  INFO 24468 --- [jecuz] [o-auto-1-exec-1] o.s.web.servlet.DispatcherServlet        : Initializing Servlet 'dispatcherServlet'
2026-01-22T16:54:23.487-03:00  INFO 24468 --- [jecuz] [o-auto-1-exec-1] o.s.web.servlet.DispatcherServlet        : Completed initialization in 3 ms
[INFO] Tests run: 2, Failures: 0, Errors: 0, Skipped: 0, Time elapsed: 29.14 s -- in ao.tcc.projetofinal.jecuz.JecuzAppApplicationDomainTests
[INFO] Running ao.tcc.projetofinal.jecuz.test.integration.ClienteContainerTest
2026-01-22T16:54:24.672-03:00  INFO 24468 --- [jecuz] [           main] tc.postgres:15                           : Creating container for image: postgres:15
2026-01-22T16:54:24.978-03:00  INFO 24468 --- [jecuz] [           main] tc.postgres:15                           : Container postgres:15 is starting: 654bbb11078b46e8b49ecc532153a93b8a67e17ce0206228aa42d96b21349564
2026-01-22T16:54:27.228-03:00  INFO 24468 --- [jecuz] [           main] tc.postgres:15                           : Container postgres:15 started in PT2.5564107S
2026-01-22T16:54:27.229-03:00  INFO 24468 --- [jecuz] [           main] tc.postgres:15                           : Container is started (JDBC URL: jdbc:postgresql://localhost:50760/test?loggerLevel=OFF)
2026-01-22T16:54:27.232-03:00  INFO 24468 --- [jecuz] [           main] t.c.s.AnnotationConfigContextLoaderUtils : Could not detect default configuration classes for test class [ao.tcc.projetofinal.jecuz.test.integration.ClienteContainerTest]: ClienteContainerTest does not declare any static, non-private, non-final, nested classes annotated with @Configuration.
2026-01-22T16:54:27.260-03:00  INFO 24468 --- [jecuz] [           main] .b.t.c.SpringBootTestContextBootstrapper : Found @SpringBootConfiguration ao.tcc.projetofinal.jecuz.JecuzAppApplication for test class ao.tcc.projetofinal.jecuz.test.integration.ClienteContainerTest

  .   ____          _            __ _ _
 /\\ / ___'_ __ _ _(_)_ __  __ _ \ \ \ \
( ( )\___ | '_ | '_| | '_ \/ _` | \ \ \ \
 \\/  ___)| |_)| | | | | || (_| |  ) ) ) )
  '  |____| .__|_| |_|_| |_\__, | / / / /
 =========|_|==============|___/=/_/_/_/

 :: Spring Boot ::                (v3.5.5)

url: jdbc:postgresql://localhost:50760/test?loggerLevel=OFF
username: test
password: test
spring.datasource.driver-class-name: org.postgresql.Driver@403519e1
2026-01-22T16:54:27.309-03:00  INFO 24468 --- [jecuz] [           main] a.t.p.j.t.i.ClienteContainerTest         : Starting ClienteContainerTest using Java 17.0.15 with PID 24468 (started by ivans in C:\Users\ivans\Desktop\Jecuz_limpeza)
2026-01-22T16:54:27.309-03:00  INFO 24468 --- [jecuz] [           main] a.t.p.j.t.i.ClienteContainerTest         : No active profile set, falling back to 1 default profile: "default"
2026-01-22T16:54:27.853-03:00  INFO 24468 --- [jecuz] [           main] .s.d.r.c.RepositoryConfigurationDelegate : Bootstrapping Spring Data JPA repositories in DEFAULT mode.
2026-01-22T16:54:27.884-03:00  INFO 24468 --- [jecuz] [           main] .s.d.r.c.RepositoryConfigurationDelegate : Finished Spring Data repository scanning in 26 ms. Found 4 JPA repository interfaces.
2026-01-22T16:54:28.020-03:00  INFO 24468 --- [jecuz] [           main] o.s.b.w.embedded.tomcat.TomcatWebServer  : Tomcat initialized with port 0 (http)
2026-01-22T16:54:28.023-03:00  INFO 24468 --- [jecuz] [           main] o.apache.catalina.core.StandardService   : Starting service [Tomcat]
2026-01-22T16:54:28.024-03:00  INFO 24468 --- [jecuz] [           main] o.apache.catalina.core.StandardEngine    : Starting Servlet engine: [Apache Tomcat/10.1.44]
2026-01-22T16:54:28.086-03:00  INFO 24468 --- [jecuz] [           main] o.a.c.c.C.[Tomcat-1].[localhost].[/]     : Initializing Spring embedded WebApplicationContext
2026-01-22T16:54:28.086-03:00  INFO 24468 --- [jecuz] [           main] w.s.c.ServletWebServerApplicationContext : Root WebApplicationContext: initialization completed in 775 ms
Standard Commons Logging discovery in action with spring-jcl: please remove commons-logging.jar from classpath in order to avoid potential conflicts
2026-01-22T16:54:28.213-03:00  INFO 24468 --- [jecuz] [           main] o.hibernate.jpa.internal.util.LogHelper  : HHH000204: Processing PersistenceUnitInfo [name: default]
2026-01-22T16:54:28.217-03:00  INFO 24468 --- [jecuz] [           main] o.h.c.internal.RegionFactoryInitiator    : HHH000026: Second-level cache disabled
2026-01-22T16:54:28.245-03:00  INFO 24468 --- [jecuz] [           main] o.s.o.j.p.SpringPersistenceUnitInfo      : No LoadTimeWeaver setup: ignoring JPA class transformer
2026-01-22T16:54:28.248-03:00  INFO 24468 --- [jecuz] [           main] com.zaxxer.hikari.HikariDataSource       : HikariPool-2 - Starting...
2026-01-22T16:54:28.287-03:00  INFO 24468 --- [jecuz] [           main] com.zaxxer.hikari.pool.HikariPool        : HikariPool-2 - Added connection org.postgresql.jdbc.PgConnection@40bed86e
2026-01-22T16:54:28.288-03:00  INFO 24468 --- [jecuz] [           main] com.zaxxer.hikari.HikariDataSource       : HikariPool-2 - Start completed.
2026-01-22T16:54:28.296-03:00  WARN 24468 --- [jecuz] [           main] org.hibernate.orm.deprecation            : HHH90000025: PostgreSQLDialect does not need to be specified explicitly using 'hibernate.dialect' (remove the property setting and it will be selected by default)
2026-01-22T16:54:28.307-03:00  INFO 24468 --- [jecuz] [           main] org.hibernate.orm.connections.pooling    : HHH10001005: Database info:
	Database JDBC URL [Connecting through datasource 'HikariDataSource (HikariPool-2)']
	Database driver: undefined/unknown
	Database version: 15.14
	Autocommit mode: undefined/unknown
	Isolation level: undefined/unknown
	Minimum pool size: undefined/unknown
	Maximum pool size: undefined/unknown
2026-01-22T16:54:28.423-03:00  INFO 24468 --- [jecuz] [           main] o.h.e.t.j.p.i.JtaPlatformInitiator       : HHH000489: No JTA platform available (set 'hibernate.transaction.jta.platform' to enable JTA platform integration)
2026-01-22T16:54:28.479-03:00  INFO 24468 --- [jecuz] [           main] j.LocalContainerEntityManagerFactoryBean : Initialized JPA EntityManagerFactory for persistence unit 'default'
2026-01-22T16:54:28.608-03:00  WARN 24468 --- [jecuz] [           main] JpaBaseConfiguration$JpaWebConfiguration : spring.jpa.open-in-view is enabled by default. Therefore, database queries may be performed during view rendering. Explicitly configure spring.jpa.open-in-view to disable this warning
2026-01-22T16:54:29.024-03:00  INFO 24468 --- [jecuz] [           main] o.s.b.a.e.web.EndpointLinksResolver      : Exposing 13 endpoints beneath base path '/actuator'
2026-01-22T16:54:29.063-03:00  INFO 24468 --- [jecuz] [           main] o.s.b.w.embedded.tomcat.TomcatWebServer  : Tomcat started on port 50774 (http) with context path '/'
2026-01-22T16:54:29.080-03:00  INFO 24468 --- [jecuz] [           main] a.t.p.j.t.i.ClienteContainerTest         : Started ClienteContainerTest in 1.818 seconds (process running for 36.015)
[INFO] Tests run: 5, Failures: 0, Errors: 0, Skipped: 0, Time elapsed: 5.543 s -- in ao.tcc.projetofinal.jecuz.test.integration.ClienteContainerTest
[INFO] Running ao.tcc.projetofinal.jecuz.test.integration.ClienteIntegrationTest
2026-01-22T16:54:30.245-03:00  INFO 24468 --- [jecuz] [           main] tc.postgres:16-alpine                    : Creating container for image: postgres:16-alpine
2026-01-22T16:54:30.500-03:00  INFO 24468 --- [jecuz] [           main] tc.postgres:16-alpine                    : Container postgres:16-alpine is starting: 22ed1768057bc18159673b2138a47bce940ae17d3621d3f95526c536260f9fba
2026-01-22T16:54:32.998-03:00  INFO 24468 --- [jecuz] [           main] tc.postgres:16-alpine                    : Container postgres:16-alpine started in PT2.7538755S
2026-01-22T16:54:33.000-03:00  INFO 24468 --- [jecuz] [           main] tc.postgres:16-alpine                    : Container is started (JDBC URL: jdbc:postgresql://localhost:50776/test?loggerLevel=OFF)
2026-01-22T16:54:33.003-03:00  INFO 24468 --- [jecuz] [           main] t.c.s.AnnotationConfigContextLoaderUtils : Could not detect default configuration classes for test class [ao.tcc.projetofinal.jecuz.test.integration.ClienteIntegrationTest]: ClienteIntegrationTest does not declare any static, non-private, non-final, nested classes annotated with @Configuration.
2026-01-22T16:54:33.023-03:00  INFO 24468 --- [jecuz] [           main] .b.t.c.SpringBootTestContextBootstrapper : Found @SpringBootConfiguration ao.tcc.projetofinal.jecuz.JecuzAppApplication for test class ao.tcc.projetofinal.jecuz.test.integration.ClienteIntegrationTest

  .   ____          _            __ _ _
 /\\ / ___'_ __ _ _(_)_ __  __ _ \ \ \ \
( ( )\___ | '_ | '_| | '_ \/ _` | \ \ \ \
 \\/  ___)| |_)| | | | | || (_| |  ) ) ) )
  '  |____| .__|_| |_|_| |_\__, | / / / /
 =========|_|==============|___/=/_/_/_/

 :: Spring Boot ::                (v3.5.5)

url: jdbc:postgresql://localhost:50776/test?loggerLevel=OFF
username: test
password: test
spring.datasource.driver-class-name: org.postgresql.Driver@32fe2870
2026-01-22T16:54:33.087-03:00  INFO 24468 --- [jecuz] [           main] a.t.p.j.t.i.ClienteIntegrationTest       : Starting ClienteIntegrationTest using Java 17.0.15 with PID 24468 (started by ivans in C:\Users\ivans\Desktop\Jecuz_limpeza)
2026-01-22T16:54:33.087-03:00  INFO 24468 --- [jecuz] [           main] a.t.p.j.t.i.ClienteIntegrationTest       : No active profile set, falling back to 1 default profile: "default"
2026-01-22T16:54:33.463-03:00  INFO 24468 --- [jecuz] [           main] .s.d.r.c.RepositoryConfigurationDelegate : Bootstrapping Spring Data JPA repositories in DEFAULT mode.
2026-01-22T16:54:33.487-03:00  INFO 24468 --- [jecuz] [           main] .s.d.r.c.RepositoryConfigurationDelegate : Finished Spring Data repository scanning in 20 ms. Found 4 JPA repository interfaces.
2026-01-22T16:54:34.466-03:00  INFO 24468 --- [jecuz] [           main] o.s.b.w.embedded.tomcat.TomcatWebServer  : Tomcat initialized with port 0 (http)
2026-01-22T16:54:34.467-03:00  INFO 24468 --- [jecuz] [           main] o.apache.catalina.core.StandardService   : Starting service [Tomcat]
2026-01-22T16:54:34.467-03:00  INFO 24468 --- [jecuz] [           main] o.apache.catalina.core.StandardEngine    : Starting Servlet engine: [Apache Tomcat/10.1.44]
2026-01-22T16:54:34.618-03:00  INFO 24468 --- [jecuz] [           main] o.a.c.c.C.[Tomcat-2].[localhost].[/]     : Initializing Spring embedded WebApplicationContext
2026-01-22T16:54:34.619-03:00  INFO 24468 --- [jecuz] [           main] w.s.c.ServletWebServerApplicationContext : Root WebApplicationContext: initialization completed in 1529 ms
Standard Commons Logging discovery in action with spring-jcl: please remove commons-logging.jar from classpath in order to avoid potential conflicts
2026-01-22T16:54:35.050-03:00  INFO 24468 --- [jecuz] [           main] o.hibernate.jpa.internal.util.LogHelper  : HHH000204: Processing PersistenceUnitInfo [name: default]
2026-01-22T16:54:35.070-03:00  INFO 24468 --- [jecuz] [           main] o.h.c.internal.RegionFactoryInitiator    : HHH000026: Second-level cache disabled
2026-01-22T16:54:35.123-03:00  INFO 24468 --- [jecuz] [           main] o.s.o.j.p.SpringPersistenceUnitInfo      : No LoadTimeWeaver setup: ignoring JPA class transformer
2026-01-22T16:54:35.128-03:00  INFO 24468 --- [jecuz] [           main] com.zaxxer.hikari.HikariDataSource       : HikariPool-3 - Starting...
2026-01-22T16:54:35.232-03:00  INFO 24468 --- [jecuz] [           main] com.zaxxer.hikari.pool.HikariPool        : HikariPool-3 - Added connection org.postgresql.jdbc.PgConnection@a821aea
2026-01-22T16:54:35.233-03:00  INFO 24468 --- [jecuz] [           main] com.zaxxer.hikari.HikariDataSource       : HikariPool-3 - Start completed.
2026-01-22T16:54:35.246-03:00  WARN 24468 --- [jecuz] [           main] org.hibernate.orm.deprecation            : HHH90000025: PostgreSQLDialect does not need to be specified explicitly using 'hibernate.dialect' (remove the property setting and it will be selected by default)
2026-01-22T16:54:35.257-03:00  INFO 24468 --- [jecuz] [           main] org.hibernate.orm.connections.pooling    : HHH10001005: Database info:
	Database JDBC URL [Connecting through datasource 'HikariDataSource (HikariPool-3)']
	Database driver: undefined/unknown
	Database version: 16.10
	Autocommit mode: undefined/unknown
	Isolation level: undefined/unknown
	Minimum pool size: undefined/unknown
	Maximum pool size: undefined/unknown
2026-01-22T16:54:35.511-03:00  INFO 24468 --- [jecuz] [           main] o.h.e.t.j.p.i.JtaPlatformInitiator       : HHH000489: No JTA platform available (set 'hibernate.transaction.jta.platform' to enable JTA platform integration)
2026-01-22T16:54:35.613-03:00  INFO 24468 --- [jecuz] [           main] j.LocalContainerEntityManagerFactoryBean : Initialized JPA EntityManagerFactory for persistence unit 'default'
2026-01-22T16:54:36.005-03:00  WARN 24468 --- [jecuz] [           main] JpaBaseConfiguration$JpaWebConfiguration : spring.jpa.open-in-view is enabled by default. Therefore, database queries may be performed during view rendering. Explicitly configure spring.jpa.open-in-view to disable this warning
2026-01-22T16:54:37.100-03:00  INFO 24468 --- [jecuz] [           main] o.a.c.c.C.[Tomcat-2].[localhost].[/]     : Initializing Spring TestDispatcherServlet ''
2026-01-22T16:54:37.100-03:00  INFO 24468 --- [jecuz] [           main] o.s.t.web.servlet.TestDispatcherServlet  : Initializing Servlet ''
2026-01-22T16:54:37.108-03:00  INFO 24468 --- [jecuz] [           main] o.s.b.a.e.web.EndpointLinksResolver      : Exposing 13 endpoints beneath base path '/actuator'
2026-01-22T16:54:37.140-03:00  INFO 24468 --- [jecuz] [           main] o.s.t.web.servlet.TestDispatcherServlet  : Completed initialization in 40 ms
2026-01-22T16:54:37.276-03:00  INFO 24468 --- [jecuz] [           main] o.s.b.w.embedded.tomcat.TomcatWebServer  : Tomcat started on port 50794 (http) with context path '/'
2026-01-22T16:54:37.305-03:00  INFO 24468 --- [jecuz] [           main] a.t.p.j.t.i.ClienteIntegrationTest       : Started ClienteIntegrationTest in 4.275 seconds (process running for 44.239)

MockHttpServletRequest:
      HTTP Method = GET
      Request URI = /api/cliente/list
       Parameters = {search=[], page=[0], size=[10]}
          Headers = [Content-Type:"application/json;charset=UTF-8", Accept:"application/json"]
             Body = null
    Session Attrs = {}

Handler:
             Type = ao.tcc.projetofinal.jecuz.controllers.ClienteController
           Method = ao.tcc.projetofinal.jecuz.controllers.ClienteController#list(String, Integer, Integer)

Async:
    Async started = false
     Async result = null

Resolved Exception:
             Type = null

ModelAndView:
        View name = null
             View = null
            Model = null

FlashMap:
       Attributes = null

MockHttpServletResponse:
           Status = 200
    Error message = null
          Headers = [Content-Type:"application/json"]
     Content type = application/json
             Body = {"content":[{"nome":"Kaunda Daniel Masutic Da Gama","nascimento":"10/02/1990","telefone":"+244924192969","numeroBi":"001234567BA045","email":"kaunda.daniel@email.com"},{"nome":"Armando Pupilo do Kaunda Daniel","nascimento":"01/07/1995","telefone":"+244924192980","numeroBi":"001234765AR045","email":"armando.pupilo@email.com"}],"pageNumber":0,"numberContent":2,"totalPages":1,"totalElements":2}
    Forwarded URL = null
   Redirected URL = null
          Cookies = []

MockHttpServletRequest:
      HTTP Method = POST
      Request URI = /api/cliente/save
       Parameters = {}
          Headers = [Content-Type:"application/json;charset=UTF-8", Accept:"application/json", Content-Length:"187"]
             Body = {
  "nome" : "Kaunda Daniel Masutic Da Gama",
  "nascimento" : "10/02/1990",
  "telefone" : "+244924192969",
  "numeroBi" : "001234567BA045",
  "email" : "kaunda.daniel@email.com"
}
    Session Attrs = {}

Handler:
             Type = ao.tcc.projetofinal.jecuz.controllers.ClienteController
           Method = ao.tcc.projetofinal.jecuz.controllers.ClienteController#save(ClienteRequest)

Async:
    Async started = false
     Async result = null

Resolved Exception:
             Type = null

ModelAndView:
        View name = null
             View = null
            Model = null

FlashMap:
       Attributes = null

MockHttpServletResponse:
           Status = 201
    Error message = null
          Headers = [Content-Type:"application/json"]
     Content type = application/json
             Body = {"nome":"Kaunda Daniel Masutic Da Gama","nascimento":"10/02/1990","telefone":"+244924192969","numeroBi":"001234567BA045","email":"kaunda.daniel@email.com"}
    Forwarded URL = null
   Redirected URL = null
          Cookies = []
[INFO] Tests run: 3, Failures: 0, Errors: 0, Skipped: 0, Time elapsed: 8.830 s -- in ao.tcc.projetofinal.jecuz.test.integration.ClienteIntegrationTest
[INFO] Running ao.tcc.projetofinal.jecuz.test.integration.OrdensDeServicoControllerTest
2026-01-22T16:54:39.120-03:00  INFO 24468 --- [jecuz] [           main] t.c.s.AnnotationConfigContextLoaderUtils : Could not detect default configuration classes for test class [ao.tcc.projetofinal.jecuz.test.integration.OrdensDeServicoControllerTest]: OrdensDeServicoControllerTest does not declare any static, non-private, non-final, nested classes annotated with @Configuration.
2026-01-22T16:54:39.204-03:00  INFO 24468 --- [jecuz] [           main] .b.t.c.SpringBootTestContextBootstrapper : Found @SpringBootConfiguration ao.tcc.projetofinal.jecuz.JecuzAppApplication for test class ao.tcc.projetofinal.jecuz.test.integration.OrdensDeServicoControllerTest

  .   ____          _            __ _ _
 /\\ / ___'_ __ _ _(_)_ __  __ _ \ \ \ \
( ( )\___ | '_ | '_| | '_ \/ _` | \ \ \ \
 \\/  ___)| |_)| | | | | || (_| |  ) ) ) )
  '  |____| .__|_| |_|_| |_\__, | / / / /
 =========|_|==============|___/=/_/_/_/

 :: Spring Boot ::                (v3.5.5)

2026-01-22T16:54:39.336-03:00  INFO 24468 --- [jecuz] [           main] .t.p.j.t.i.OrdensDeServicoControllerTest : Starting OrdensDeServicoControllerTest using Java 17.0.15 with PID 24468 (started by ivans in C:\Users\ivans\Desktop\Jecuz_limpeza)
2026-01-22T16:54:39.336-03:00  INFO 24468 --- [jecuz] [           main] .t.p.j.t.i.OrdensDeServicoControllerTest : No active profile set, falling back to 1 default profile: "default"
2026-01-22T16:54:40.071-03:00  INFO 24468 --- [jecuz] [           main] o.s.b.t.m.w.SpringBootMockServletContext : Initializing Spring TestDispatcherServlet ''
2026-01-22T16:54:40.071-03:00  INFO 24468 --- [jecuz] [           main] o.s.t.web.servlet.TestDispatcherServlet  : Initializing Servlet ''
2026-01-22T16:54:40.071-03:00  INFO 24468 --- [jecuz] [           main] o.s.t.web.servlet.TestDispatcherServlet  : Completed initialization in 0 ms
2026-01-22T16:54:40.086-03:00  INFO 24468 --- [jecuz] [           main] .t.p.j.t.i.OrdensDeServicoControllerTest : Started OrdensDeServicoControllerTest in 0.838 seconds (process running for 47.022)
[INFO] Tests run: 6, Failures: 0, Errors: 0, Skipped: 0, Time elapsed: 1.300 s -- in ao.tcc.projetofinal.jecuz.test.integration.OrdensDeServicoControllerTest
[INFO] Running ao.tcc.projetofinal.jecuz.test.integration.TestControllerIT
2026-01-22T16:54:40.411-03:00  INFO 24468 --- [jecuz] [           main] t.c.s.AnnotationConfigContextLoaderUtils : Could not detect default configuration classes for test class [ao.tcc.projetofinal.jecuz.test.integration.TestControllerIT]: TestControllerIT does not declare any static, non-private, non-final, nested classes annotated with @Configuration.
2026-01-22T16:54:40.457-03:00  INFO 24468 --- [jecuz] [           main] .b.t.c.SpringBootTestContextBootstrapper : Found @SpringBootConfiguration ao.tcc.projetofinal.jecuz.JecuzAppApplication for test class ao.tcc.projetofinal.jecuz.test.integration.TestControllerIT

  .   ____          _            __ _ _
 /\\ / ___'_ __ _ _(_)_ __  __ _ \ \ \ \
( ( )\___ | '_ | '_| | '_ \/ _` | \ \ \ \
 \\/  ___)| |_)| | | | | || (_| |  ) ) ) )
  '  |____| .__|_| |_|_| |_\__, | / / / /
 =========|_|==============|___/=/_/_/_/

 :: Spring Boot ::                (v3.5.5)

2026-01-22T16:54:40.542-03:00  INFO 24468 --- [jecuz] [           main] a.t.p.j.t.integration.TestControllerIT   : Starting TestControllerIT using Java 17.0.15 with PID 24468 (started by ivans in C:\Users\ivans\Desktop\Jecuz_limpeza)
2026-01-22T16:54:40.542-03:00  INFO 24468 --- [jecuz] [           main] a.t.p.j.t.integration.TestControllerIT   : No active profile set, falling back to 1 default profile: "default"
2026-01-22T16:54:41.034-03:00  INFO 24468 --- [jecuz] [           main] o.s.b.t.m.w.SpringBootMockServletContext : Initializing Spring TestDispatcherServlet ''
2026-01-22T16:54:41.034-03:00  INFO 24468 --- [jecuz] [           main] o.s.t.web.servlet.TestDispatcherServlet  : Initializing Servlet ''
2026-01-22T16:54:41.034-03:00  INFO 24468 --- [jecuz] [           main] o.s.t.web.servlet.TestDispatcherServlet  : Completed initialization in 0 ms
2026-01-22T16:54:41.047-03:00  INFO 24468 --- [jecuz] [           main] a.t.p.j.t.integration.TestControllerIT   : Started TestControllerIT in 0.575 seconds (process running for 47.982)
[INFO] Tests run: 1, Failures: 0, Errors: 0, Skipped: 0, Time elapsed: 0.678 s -- in ao.tcc.projetofinal.jecuz.test.integration.TestControllerIT
[INFO] Running ao.tcc.projetofinal.jecuz.test.unit.ClienteServiceUnitTest
[INFO] Tests run: 5, Failures: 0, Errors: 0, Skipped: 0, Time elapsed: 0.716 s -- in ao.tcc.projetofinal.jecuz.test.unit.ClienteServiceUnitTest
[INFO] Running ao.tcc.projetofinal.jecuz.test.unit.DiaristaServiceTest
[INFO] Tests run: 6, Failures: 0, Errors: 0, Skipped: 0, Time elapsed: 0.287 s -- in ao.tcc.projetofinal.jecuz.test.unit.DiaristaServiceTest
[INFO] Running ao.tcc.projetofinal.jecuz.test.unit.OrdensDeServicoServiceTest
[INFO] Tests run: 6, Failures: 0, Errors: 0, Skipped: 0, Time elapsed: 0.260 s -- in ao.tcc.projetofinal.jecuz.test.unit.OrdensDeServicoServiceTest
[INFO] 
[INFO] Results:
[INFO] 
[INFO] Tests run: 34, Failures: 0, Errors: 0, Skipped: 0
[INFO] 
[INFO] ------------------------------------------------------------------------
[INFO] BUILD SUCCESS
[INFO] ------------------------------------------------------------------------
[INFO] Total time:  55.295 s
[INFO] Finished at: 2026-01-22T16:54:43-03:00
[INFO] ------------------------------------------------------------------------
